The target system is: Linux - 4.19 - arm
The host system is: Linux - 5.5.8-100.fc30.x86_64 - x86_64
Compiling the C compiler identification source file "CMakeCCompilerId.c" succeeded.
Compiler: /home/paspirine/arm-cross-comp-env/arm-raspbian-linux-gnueabihf/bin/arm-raspbian-linux-gnueabihf-gcc 
Build flags: -Wl,-rpath-link,/home/paspirine/arm-cross-comp-env/arm-raspbian-linux-gnueabihf/arm-raspbian-linux-gnueabihf/sysroot/opt/vc/lib;-Wl,-rpath-link,/home/paspirine/arm-cross-comp-env/arm-raspbian-linux-gnueabihf/arm-raspbian-linux-gnueabihf/sysroot/lib/arm-linux-gnueabihf;-Wl,-rpath-link,/home/paspirine/arm-cross-comp-env/arm-raspbian-linux-gnueabihf/arm-raspbian-linux-gnueabihf/sysroot/usr/lib/arm-linux-gnueabihf;-Wl,-rpath-link,/home/paspirine/arm-cross-comp-env/arm-raspbian-linux-gnueabihf/arm-raspbian-linux-gnueabihf/sysroot/usr/local/lib
Id flags:  

The output was:
0


Compilation of the C compiler identification source "CMakeCCompilerId.c" produced "a.out"

The C compiler identification is GNU, found in "/home/paspirine/projet/laboratoire5/rpi/build/CMakeFiles/3.16.4/CompilerIdC/a.out"

Compiling the CXX compiler identification source file "CMakeCXXCompilerId.cpp" succeeded.
Compiler: /home/paspirine/arm-cross-comp-env/arm-raspbian-linux-gnueabihf/bin/arm-raspbian-linux-gnueabihf-g++ 
Build flags: -Wl,-rpath-link,/home/paspirine/arm-cross-comp-env/arm-raspbian-linux-gnueabihf/arm-raspbian-linux-gnueabihf/sysroot/opt/vc/lib;-Wl,-rpath-link,/home/paspirine/arm-cross-comp-env/arm-raspbian-linux-gnueabihf/arm-raspbian-linux-gnueabihf/sysroot/lib/arm-linux-gnueabihf;-Wl,-rpath-link,/home/paspirine/arm-cross-comp-env/arm-raspbian-linux-gnueabihf/arm-raspbian-linux-gnueabihf/sysroot/usr/lib/arm-linux-gnueabihf;-Wl,-rpath-link,/home/paspirine/arm-cross-comp-env/arm-raspbian-linux-gnueabihf/arm-raspbian-linux-gnueabihf/sysroot/usr/local/lib
Id flags:  

The output was:
0


Compilation of the CXX compiler identification source "CMakeCXXCompilerId.cpp" produced "a.out"

The CXX compiler identification is GNU, found in "/home/paspirine/projet/laboratoire5/rpi/build/CMakeFiles/3.16.4/CompilerIdCXX/a.out"

Determining if the C compiler works passed with the following output:
Change Dir: /home/paspirine/projet/laboratoire5/rpi/build/CMakeFiles/CMakeTmp

Run Build Command(s):/usr/bin/gmake cmTC_f3c1b/fast && /usr/bin/gmake -f CMakeFiles/cmTC_f3c1b.dir/build.make CMakeFiles/cmTC_f3c1b.dir/build
gmake[1]: Entering directory '/home/paspirine/projet/laboratoire5/rpi/build/CMakeFiles/CMakeTmp'
Building C object CMakeFiles/cmTC_f3c1b.dir/testCCompiler.c.o
/home/paspirine/arm-cross-comp-env/arm-raspbian-linux-gnueabihf/bin/arm-raspbian-linux-gnueabihf-gcc --sysroot=/home/paspirine/arm-cross-comp-env/arm-raspbian-linux-gnueabihf/arm-raspbian-linux-gnueabihf/sysroot   -Wl,-rpath-link,/home/paspirine/arm-cross-comp-env/arm-raspbian-linux-gnueabihf/arm-raspbian-linux-gnueabihf/sysroot/opt/vc/lib -Wl,-rpath-link,/home/paspirine/arm-cross-comp-env/arm-raspbian-linux-gnueabihf/arm-raspbian-linux-gnueabihf/sysroot/lib/arm-linux-gnueabihf -Wl,-rpath-link,/home/paspirine/arm-cross-comp-env/arm-raspbian-linux-gnueabihf/arm-raspbian-linux-gnueabihf/sysroot/usr/lib/arm-linux-gnueabihf -Wl,-rpath-link,/home/paspirine/arm-cross-comp-env/arm-raspbian-linux-gnueabihf/arm-raspbian-linux-gnueabihf/sysroot/usr/local/lib    -o CMakeFiles/cmTC_f3c1b.dir/testCCompiler.c.o   -c /home/paspirine/projet/laboratoire5/rpi/build/CMakeFiles/CMakeTmp/testCCompiler.c
Linking C executable cmTC_f3c1b
/usr/bin/cmake -E cmake_link_script CMakeFiles/cmTC_f3c1b.dir/link.txt --verbose=1
/home/paspirine/arm-cross-comp-env/arm-raspbian-linux-gnueabihf/bin/arm-raspbian-linux-gnueabihf-gcc --sysroot=/home/paspirine/arm-cross-comp-env/arm-raspbian-linux-gnueabihf/arm-raspbian-linux-gnueabihf/sysroot -Wl,-rpath-link,/home/paspirine/arm-cross-comp-env/arm-raspbian-linux-gnueabihf/arm-raspbian-linux-gnueabihf/sysroot/opt/vc/lib -Wl,-rpath-link,/home/paspirine/arm-cross-comp-env/arm-raspbian-linux-gnueabihf/arm-raspbian-linux-gnueabihf/sysroot/lib/arm-linux-gnueabihf -Wl,-rpath-link,/home/paspirine/arm-cross-comp-env/arm-raspbian-linux-gnueabihf/arm-raspbian-linux-gnueabihf/sysroot/usr/lib/arm-linux-gnueabihf -Wl,-rpath-link,/home/paspirine/arm-cross-comp-env/arm-raspbian-linux-gnueabihf/arm-raspbian-linux-gnueabihf/sysroot/usr/local/lib     -rdynamic CMakeFiles/cmTC_f3c1b.dir/testCCompiler.c.o  -o cmTC_f3c1b 
gmake[1]: Leaving directory '/home/paspirine/projet/laboratoire5/rpi/build/CMakeFiles/CMakeTmp'



Detecting C compiler ABI info compiled with the following output:
Change Dir: /home/paspirine/projet/laboratoire5/rpi/build/CMakeFiles/CMakeTmp

Run Build Command(s):/usr/bin/gmake cmTC_c8e73/fast && /usr/bin/gmake -f CMakeFiles/cmTC_c8e73.dir/build.make CMakeFiles/cmTC_c8e73.dir/build
gmake[1]: Entering directory '/home/paspirine/projet/laboratoire5/rpi/build/CMakeFiles/CMakeTmp'
Building C object CMakeFiles/cmTC_c8e73.dir/CMakeCCompilerABI.c.o
/home/paspirine/arm-cross-comp-env/arm-raspbian-linux-gnueabihf/bin/arm-raspbian-linux-gnueabihf-gcc --sysroot=/home/paspirine/arm-cross-comp-env/arm-raspbian-linux-gnueabihf/arm-raspbian-linux-gnueabihf/sysroot   -Wl,-rpath-link,/home/paspirine/arm-cross-comp-env/arm-raspbian-linux-gnueabihf/arm-raspbian-linux-gnueabihf/sysroot/opt/vc/lib -Wl,-rpath-link,/home/paspirine/arm-cross-comp-env/arm-raspbian-linux-gnueabihf/arm-raspbian-linux-gnueabihf/sysroot/lib/arm-linux-gnueabihf -Wl,-rpath-link,/home/paspirine/arm-cross-comp-env/arm-raspbian-linux-gnueabihf/arm-raspbian-linux-gnueabihf/sysroot/usr/lib/arm-linux-gnueabihf -Wl,-rpath-link,/home/paspirine/arm-cross-comp-env/arm-raspbian-linux-gnueabihf/arm-raspbian-linux-gnueabihf/sysroot/usr/local/lib    -v -o CMakeFiles/cmTC_c8e73.dir/CMakeCCompilerABI.c.o   -c /usr/share/cmake/Modules/CMakeCCompilerABI.c
Using built-in specs.
COLLECT_GCC=/home/paspirine/arm-cross-comp-env/arm-raspbian-linux-gnueabihf/bin/arm-raspbian-linux-gnueabihf-gcc
Target: arm-raspbian-linux-gnueabihf
Configured with: /home/paspirine/ct-config-rpi-zero/.build/arm-raspbian-linux-gnueabihf/src/gcc/configure --build=x86_64-build_pc-linux-gnu --host=x86_64-build_pc-linux-gnu --target=arm-raspbian-linux-gnueabihf --prefix=/home/paspirine/arm-cross-comp-env/arm-raspbian-linux-gnueabihf --with-sysroot=/home/paspirine/arm-cross-comp-env/arm-raspbian-linux-gnueabihf/arm-raspbian-linux-gnueabihf/sysroot --enable-languages=c,c++ --with-pkgversion='crosstool-NG UNKNOWN' --enable-__cxa_atexit --enable-libmudflap --enable-libgomp --enable-libssp --enable-libquadmath --enable-libquadmath-support --enable-libsanitizer --disable-libmpx --with-gmp=/home/paspirine/ct-config-rpi-zero/.build/arm-raspbian-linux-gnueabihf/buildtools --with-mpfr=/home/paspirine/ct-config-rpi-zero/.build/arm-raspbian-linux-gnueabihf/buildtools --with-mpc=/home/paspirine/ct-config-rpi-zero/.build/arm-raspbian-linux-gnueabihf/buildtools --with-isl=/home/paspirine/ct-config-rpi-zero/.build/arm-raspbian-linux-gnueabihf/buildtools --enable-lto --enable-threads=posix --disable-plugin --disable-nls --enable-multiarch --with-local-prefix=/home/paspirine/arm-cross-comp-env/arm-raspbian-linux-gnueabihf/arm-raspbian-linux-gnueabihf/sysroot --enable-long-long --with-arch=armv6 --with-float=hard --with-fpu=vfp --enable-libstdcxx-debug --enable-libstdcxx-time=yes --enable-version-specific-runtime-libs
Thread model: posix
gcc version 8.3.0 (crosstool-NG UNKNOWN) 
COLLECT_GCC_OPTIONS='-v' '-o' 'CMakeFiles/cmTC_c8e73.dir/CMakeCCompilerABI.c.o' '-c'  '-mfloat-abi=hard' '-mfpu=vfp' '-mtls-dialect=gnu' '-marm' '-march=armv6+fp'
 /home/paspirine/arm-cross-comp-env/arm-raspbian-linux-gnueabihf/libexec/gcc/arm-raspbian-linux-gnueabihf/8.3.0/cc1 -quiet -v -imultilib . -imultiarch arm-linux-gnueabihf -isysroot /home/paspirine/arm-cross-comp-env/arm-raspbian-linux-gnueabihf/arm-raspbian-linux-gnueabihf/sysroot /usr/share/cmake/Modules/CMakeCCompilerABI.c -quiet -dumpbase CMakeCCompilerABI.c -mfloat-abi=hard -mfpu=vfp -mtls-dialect=gnu -marm -march=armv6+fp -auxbase-strip CMakeFiles/cmTC_c8e73.dir/CMakeCCompilerABI.c.o -version -o /tmp/ccmv6cDN.s
GNU C17 (crosstool-NG UNKNOWN) version 8.3.0 (arm-raspbian-linux-gnueabihf)
	compiled by GNU C version 9.2.1 20190827 (Red Hat 9.2.1-1), GMP version 6.1.2, MPFR version 3.1.6, MPC version 1.0.3, isl version isl-0.18-GMP

GGC heuristics: --param ggc-min-expand=100 --param ggc-min-heapsize=131072
ignoring nonexistent directory "/home/paspirine/arm-cross-comp-env/arm-raspbian-linux-gnueabihf/arm-raspbian-linux-gnueabihf/sysroot/home/paspirine/arm-cross-comp-env/arm-raspbian-linux-gnueabihf/arm-raspbian-linux-gnueabihf/sysroot/include/arm-linux-gnueabihf"
ignoring nonexistent directory "/home/paspirine/arm-cross-comp-env/arm-raspbian-linux-gnueabihf/arm-raspbian-linux-gnueabihf/sysroot/home/paspirine/arm-cross-comp-env/arm-raspbian-linux-gnueabihf/arm-raspbian-linux-gnueabihf/sysroot/include"
ignoring nonexistent directory "/home/paspirine/arm-cross-comp-env/arm-raspbian-linux-gnueabihf/lib/gcc/arm-raspbian-linux-gnueabihf/8.3.0/../../../../arm-raspbian-linux-gnueabihf/include"
#include "..." search starts here:
#include <...> search starts here:
 /home/paspirine/arm-cross-comp-env/arm-raspbian-linux-gnueabihf/lib/gcc/arm-raspbian-linux-gnueabihf/8.3.0/include
 /home/paspirine/arm-cross-comp-env/arm-raspbian-linux-gnueabihf/lib/gcc/arm-raspbian-linux-gnueabihf/8.3.0/include-fixed
 /home/paspirine/arm-cross-comp-env/arm-raspbian-linux-gnueabihf/arm-raspbian-linux-gnueabihf/sysroot/usr/include/arm-linux-gnueabihf
 /home/paspirine/arm-cross-comp-env/arm-raspbian-linux-gnueabihf/arm-raspbian-linux-gnueabihf/sysroot/usr/include
End of search list.
GNU C17 (crosstool-NG UNKNOWN) version 8.3.0 (arm-raspbian-linux-gnueabihf)
	compiled by GNU C version 9.2.1 20190827 (Red Hat 9.2.1-1), GMP version 6.1.2, MPFR version 3.1.6, MPC version 1.0.3, isl version isl-0.18-GMP

GGC heuristics: --param ggc-min-expand=100 --param ggc-min-heapsize=131072
Compiler executable checksum: 6c2c586658628665e02b7b16f53b7194
COLLECT_GCC_OPTIONS='-v' '-o' 'CMakeFiles/cmTC_c8e73.dir/CMakeCCompilerABI.c.o' '-c'  '-mfloat-abi=hard' '-mfpu=vfp' '-mtls-dialect=gnu' '-marm' '-march=armv6+fp'
 /home/paspirine/arm-cross-comp-env/arm-raspbian-linux-gnueabihf/lib/gcc/arm-raspbian-linux-gnueabihf/8.3.0/../../../../arm-raspbian-linux-gnueabihf/bin/as -v -march=armv6 -mfloat-abi=hard -mfpu=vfp -meabi=5 -o CMakeFiles/cmTC_c8e73.dir/CMakeCCompilerABI.c.o /tmp/ccmv6cDN.s
GNU assembler version 2.28.1 (arm-raspbian-linux-gnueabihf) using BFD version (crosstool-NG UNKNOWN) 2.28.1
COMPILER_PATH=/home/paspirine/arm-cross-comp-env/arm-raspbian-linux-gnueabihf/libexec/gcc/arm-raspbian-linux-gnueabihf/8.3.0/:/home/paspirine/arm-cross-comp-env/arm-raspbian-linux-gnueabihf/libexec/gcc/arm-raspbian-linux-gnueabihf/8.3.0/:/home/paspirine/arm-cross-comp-env/arm-raspbian-linux-gnueabihf/libexec/gcc/arm-raspbian-linux-gnueabihf/:/home/paspirine/arm-cross-comp-env/arm-raspbian-linux-gnueabihf/lib/gcc/arm-raspbian-linux-gnueabihf/8.3.0/:/home/paspirine/arm-cross-comp-env/arm-raspbian-linux-gnueabihf/lib/gcc/arm-raspbian-linux-gnueabihf/:/home/paspirine/arm-cross-comp-env/arm-raspbian-linux-gnueabihf/lib/gcc/arm-raspbian-linux-gnueabihf/8.3.0/../../../../arm-raspbian-linux-gnueabihf/bin/
LIBRARY_PATH=/home/paspirine/arm-cross-comp-env/arm-raspbian-linux-gnueabihf/lib/gcc/arm-raspbian-linux-gnueabihf/8.3.0/:/home/paspirine/arm-cross-comp-env/arm-raspbian-linux-gnueabihf/arm-raspbian-linux-gnueabihf/sysroot/lib/arm-linux-gnueabihf/:/home/paspirine/arm-cross-comp-env/arm-raspbian-linux-gnueabihf/arm-raspbian-linux-gnueabihf/sysroot/lib/:/home/paspirine/arm-cross-comp-env/arm-raspbian-linux-gnueabihf/arm-raspbian-linux-gnueabihf/sysroot/usr/lib/arm-linux-gnueabihf/:/home/paspirine/arm-cross-comp-env/arm-raspbian-linux-gnueabihf/arm-raspbian-linux-gnueabihf/sysroot/usr/lib/
COLLECT_GCC_OPTIONS='-v' '-o' 'CMakeFiles/cmTC_c8e73.dir/CMakeCCompilerABI.c.o' '-c'  '-mfloat-abi=hard' '-mfpu=vfp' '-mtls-dialect=gnu' '-marm' '-march=armv6+fp'
Linking C executable cmTC_c8e73
/usr/bin/cmake -E cmake_link_script CMakeFiles/cmTC_c8e73.dir/link.txt --verbose=1
/home/paspirine/arm-cross-comp-env/arm-raspbian-linux-gnueabihf/bin/arm-raspbian-linux-gnueabihf-gcc --sysroot=/home/paspirine/arm-cross-comp-env/arm-raspbian-linux-gnueabihf/arm-raspbian-linux-gnueabihf/sysroot -Wl,-rpath-link,/home/paspirine/arm-cross-comp-env/arm-raspbian-linux-gnueabihf/arm-raspbian-linux-gnueabihf/sysroot/opt/vc/lib -Wl,-rpath-link,/home/paspirine/arm-cross-comp-env/arm-raspbian-linux-gnueabihf/arm-raspbian-linux-gnueabihf/sysroot/lib/arm-linux-gnueabihf -Wl,-rpath-link,/home/paspirine/arm-cross-comp-env/arm-raspbian-linux-gnueabihf/arm-raspbian-linux-gnueabihf/sysroot/usr/lib/arm-linux-gnueabihf -Wl,-rpath-link,/home/paspirine/arm-cross-comp-env/arm-raspbian-linux-gnueabihf/arm-raspbian-linux-gnueabihf/sysroot/usr/local/lib    -v -rdynamic CMakeFiles/cmTC_c8e73.dir/CMakeCCompilerABI.c.o  -o cmTC_c8e73 
Using built-in specs.
COLLECT_GCC=/home/paspirine/arm-cross-comp-env/arm-raspbian-linux-gnueabihf/bin/arm-raspbian-linux-gnueabihf-gcc
COLLECT_LTO_WRAPPER=/home/paspirine/arm-cross-comp-env/arm-raspbian-linux-gnueabihf/libexec/gcc/arm-raspbian-linux-gnueabihf/8.3.0/lto-wrapper
Target: arm-raspbian-linux-gnueabihf
Configured with: /home/paspirine/ct-config-rpi-zero/.build/arm-raspbian-linux-gnueabihf/src/gcc/configure --build=x86_64-build_pc-linux-gnu --host=x86_64-build_pc-linux-gnu --target=arm-raspbian-linux-gnueabihf --prefix=/home/paspirine/arm-cross-comp-env/arm-raspbian-linux-gnueabihf --with-sysroot=/home/paspirine/arm-cross-comp-env/arm-raspbian-linux-gnueabihf/arm-raspbian-linux-gnueabihf/sysroot --enable-languages=c,c++ --with-pkgversion='crosstool-NG UNKNOWN' --enable-__cxa_atexit --enable-libmudflap --enable-libgomp --enable-libssp --enable-libquadmath --enable-libquadmath-support --enable-libsanitizer --disable-libmpx --with-gmp=/home/paspirine/ct-config-rpi-zero/.build/arm-raspbian-linux-gnueabihf/buildtools --with-mpfr=/home/paspirine/ct-config-rpi-zero/.build/arm-raspbian-linux-gnueabihf/buildtools --with-mpc=/home/paspirine/ct-config-rpi-zero/.build/arm-raspbian-linux-gnueabihf/buildtools --with-isl=/home/paspirine/ct-config-rpi-zero/.build/arm-raspbian-linux-gnueabihf/buildtools --enable-lto --enable-threads=posix --disable-plugin --disable-nls --enable-multiarch --with-local-prefix=/home/paspirine/arm-cross-comp-env/arm-raspbian-linux-gnueabihf/arm-raspbian-linux-gnueabihf/sysroot --enable-long-long --with-arch=armv6 --with-float=hard --with-fpu=vfp --enable-libstdcxx-debug --enable-libstdcxx-time=yes --enable-version-specific-runtime-libs
Thread model: posix
gcc version 8.3.0 (crosstool-NG UNKNOWN) 
COMPILER_PATH=/home/paspirine/arm-cross-comp-env/arm-raspbian-linux-gnueabihf/libexec/gcc/arm-raspbian-linux-gnueabihf/8.3.0/:/home/paspirine/arm-cross-comp-env/arm-raspbian-linux-gnueabihf/libexec/gcc/arm-raspbian-linux-gnueabihf/8.3.0/:/home/paspirine/arm-cross-comp-env/arm-raspbian-linux-gnueabihf/libexec/gcc/arm-raspbian-linux-gnueabihf/:/home/paspirine/arm-cross-comp-env/arm-raspbian-linux-gnueabihf/lib/gcc/arm-raspbian-linux-gnueabihf/8.3.0/:/home/paspirine/arm-cross-comp-env/arm-raspbian-linux-gnueabihf/lib/gcc/arm-raspbian-linux-gnueabihf/:/home/paspirine/arm-cross-comp-env/arm-raspbian-linux-gnueabihf/lib/gcc/arm-raspbian-linux-gnueabihf/8.3.0/../../../../arm-raspbian-linux-gnueabihf/bin/
LIBRARY_PATH=/home/paspirine/arm-cross-comp-env/arm-raspbian-linux-gnueabihf/lib/gcc/arm-raspbian-linux-gnueabihf/8.3.0/:/home/paspirine/arm-cross-comp-env/arm-raspbian-linux-gnueabihf/arm-raspbian-linux-gnueabihf/sysroot/lib/arm-linux-gnueabihf/:/home/paspirine/arm-cross-comp-env/arm-raspbian-linux-gnueabihf/arm-raspbian-linux-gnueabihf/sysroot/lib/:/home/paspirine/arm-cross-comp-env/arm-raspbian-linux-gnueabihf/arm-raspbian-linux-gnueabihf/sysroot/usr/lib/arm-linux-gnueabihf/:/home/paspirine/arm-cross-comp-env/arm-raspbian-linux-gnueabihf/arm-raspbian-linux-gnueabihf/sysroot/usr/lib/
COLLECT_GCC_OPTIONS='-v' '-rdynamic' '-o' 'cmTC_c8e73'  '-mfloat-abi=hard' '-mfpu=vfp' '-mtls-dialect=gnu' '-marm' '-march=armv6+fp'
 /home/paspirine/arm-cross-comp-env/arm-raspbian-linux-gnueabihf/libexec/gcc/arm-raspbian-linux-gnueabihf/8.3.0/collect2 -plugin /home/paspirine/arm-cross-comp-env/arm-raspbian-linux-gnueabihf/libexec/gcc/arm-raspbian-linux-gnueabihf/8.3.0/liblto_plugin.so -plugin-opt=/home/paspirine/arm-cross-comp-env/arm-raspbian-linux-gnueabihf/libexec/gcc/arm-raspbian-linux-gnueabihf/8.3.0/lto-wrapper -plugin-opt=-fresolution=/tmp/ccTd53SQ.res -plugin-opt=-pass-through=-lgcc -plugin-opt=-pass-through=-lgcc_s -plugin-opt=-pass-through=-lc -plugin-opt=-pass-through=-lgcc -plugin-opt=-pass-through=-lgcc_s --sysroot=/home/paspirine/arm-cross-comp-env/arm-raspbian-linux-gnueabihf/arm-raspbian-linux-gnueabihf/sysroot --eh-frame-hdr -export-dynamic -dynamic-linker /lib/ld-linux-armhf.so.3 -X -m armelf_linux_eabi -o cmTC_c8e73 /home/paspirine/arm-cross-comp-env/arm-raspbian-linux-gnueabihf/arm-raspbian-linux-gnueabihf/sysroot/usr/lib/arm-linux-gnueabihf/crt1.o /home/paspirine/arm-cross-comp-env/arm-raspbian-linux-gnueabihf/arm-raspbian-linux-gnueabihf/sysroot/usr/lib/arm-linux-gnueabihf/crti.o /home/paspirine/arm-cross-comp-env/arm-raspbian-linux-gnueabihf/lib/gcc/arm-raspbian-linux-gnueabihf/8.3.0/crtbegin.o -L/home/paspirine/arm-cross-comp-env/arm-raspbian-linux-gnueabihf/lib/gcc/arm-raspbian-linux-gnueabihf/8.3.0 -L/home/paspirine/arm-cross-comp-env/arm-raspbian-linux-gnueabihf/arm-raspbian-linux-gnueabihf/sysroot/lib/arm-linux-gnueabihf -L/home/paspirine/arm-cross-comp-env/arm-raspbian-linux-gnueabihf/arm-raspbian-linux-gnueabihf/sysroot/lib -L/home/paspirine/arm-cross-comp-env/arm-raspbian-linux-gnueabihf/arm-raspbian-linux-gnueabihf/sysroot/usr/lib/arm-linux-gnueabihf -L/home/paspirine/arm-cross-comp-env/arm-raspbian-linux-gnueabihf/arm-raspbian-linux-gnueabihf/sysroot/usr/lib -rpath-link /home/paspirine/arm-cross-comp-env/arm-raspbian-linux-gnueabihf/arm-raspbian-linux-gnueabihf/sysroot/opt/vc/lib -rpath-link /home/paspirine/arm-cross-comp-env/arm-raspbian-linux-gnueabihf/arm-raspbian-linux-gnueabihf/sysroot/lib/arm-linux-gnueabihf -rpath-link /home/paspirine/arm-cross-comp-env/arm-raspbian-linux-gnueabihf/arm-raspbian-linux-gnueabihf/sysroot/usr/lib/arm-linux-gnueabihf -rpath-link /home/paspirine/arm-cross-comp-env/arm-raspbian-linux-gnueabihf/arm-raspbian-linux-gnueabihf/sysroot/usr/local/lib CMakeFiles/cmTC_c8e73.dir/CMakeCCompilerABI.c.o -lgcc --as-needed -lgcc_s --no-as-needed -lc -lgcc --as-needed -lgcc_s --no-as-needed /home/paspirine/arm-cross-comp-env/arm-raspbian-linux-gnueabihf/lib/gcc/arm-raspbian-linux-gnueabihf/8.3.0/crtend.o /home/paspirine/arm-cross-comp-env/arm-raspbian-linux-gnueabihf/arm-raspbian-linux-gnueabihf/sysroot/usr/lib/arm-linux-gnueabihf/crtn.o
COLLECT_GCC_OPTIONS='-v' '-rdynamic' '-o' 'cmTC_c8e73'  '-mfloat-abi=hard' '-mfpu=vfp' '-mtls-dialect=gnu' '-marm' '-march=armv6+fp'
gmake[1]: Leaving directory '/home/paspirine/projet/laboratoire5/rpi/build/CMakeFiles/CMakeTmp'



Parsed C implicit include dir info from above output: rv=done
  found start of include info
  found start of implicit include info
    add: [/home/paspirine/arm-cross-comp-env/arm-raspbian-linux-gnueabihf/lib/gcc/arm-raspbian-linux-gnueabihf/8.3.0/include]
    add: [/home/paspirine/arm-cross-comp-env/arm-raspbian-linux-gnueabihf/lib/gcc/arm-raspbian-linux-gnueabihf/8.3.0/include-fixed]
    add: [/home/paspirine/arm-cross-comp-env/arm-raspbian-linux-gnueabihf/arm-raspbian-linux-gnueabihf/sysroot/usr/include/arm-linux-gnueabihf]
    add: [/home/paspirine/arm-cross-comp-env/arm-raspbian-linux-gnueabihf/arm-raspbian-linux-gnueabihf/sysroot/usr/include]
  end of search list found
  collapse include dir [/home/paspirine/arm-cross-comp-env/arm-raspbian-linux-gnueabihf/lib/gcc/arm-raspbian-linux-gnueabihf/8.3.0/include] ==> [/home/paspirine/arm-cross-comp-env/arm-raspbian-linux-gnueabihf/lib/gcc/arm-raspbian-linux-gnueabihf/8.3.0/include]
  collapse include dir [/home/paspirine/arm-cross-comp-env/arm-raspbian-linux-gnueabihf/lib/gcc/arm-raspbian-linux-gnueabihf/8.3.0/include-fixed] ==> [/home/paspirine/arm-cross-comp-env/arm-raspbian-linux-gnueabihf/lib/gcc/arm-raspbian-linux-gnueabihf/8.3.0/include-fixed]
  collapse include dir [/home/paspirine/arm-cross-comp-env/arm-raspbian-linux-gnueabihf/arm-raspbian-linux-gnueabihf/sysroot/usr/include/arm-linux-gnueabihf] ==> [/home/paspirine/arm-cross-comp-env/arm-raspbian-linux-gnueabihf/arm-raspbian-linux-gnueabihf/sysroot/usr/include/arm-linux-gnueabihf]
  collapse include dir [/home/paspirine/arm-cross-comp-env/arm-raspbian-linux-gnueabihf/arm-raspbian-linux-gnueabihf/sysroot/usr/include] ==> [/home/paspirine/arm-cross-comp-env/arm-raspbian-linux-gnueabihf/arm-raspbian-linux-gnueabihf/sysroot/usr/include]
  implicit include dirs: [/home/paspirine/arm-cross-comp-env/arm-raspbian-linux-gnueabihf/lib/gcc/arm-raspbian-linux-gnueabihf/8.3.0/include;/home/paspirine/arm-cross-comp-env/arm-raspbian-linux-gnueabihf/lib/gcc/arm-raspbian-linux-gnueabihf/8.3.0/include-fixed;/home/paspirine/arm-cross-comp-env/arm-raspbian-linux-gnueabihf/arm-raspbian-linux-gnueabihf/sysroot/usr/include/arm-linux-gnueabihf;/home/paspirine/arm-cross-comp-env/arm-raspbian-linux-gnueabihf/arm-raspbian-linux-gnueabihf/sysroot/usr/include]


Parsed C implicit link information from above output:
  link line regex: [^( *|.*[/\])(arm-raspbian-linux-gnueabihf-ld|CMAKE_LINK_STARTFILE-NOTFOUND|([^/\]+-)?ld|collect2)[^/\]*( |$)]
  ignore line: [Change Dir: /home/paspirine/projet/laboratoire5/rpi/build/CMakeFiles/CMakeTmp]
  ignore line: []
  ignore line: [Run Build Command(s):/usr/bin/gmake cmTC_c8e73/fast && /usr/bin/gmake -f CMakeFiles/cmTC_c8e73.dir/build.make CMakeFiles/cmTC_c8e73.dir/build]
  ignore line: [gmake[1]: Entering directory '/home/paspirine/projet/laboratoire5/rpi/build/CMakeFiles/CMakeTmp']
  ignore line: [Building C object CMakeFiles/cmTC_c8e73.dir/CMakeCCompilerABI.c.o]
  ignore line: [/home/paspirine/arm-cross-comp-env/arm-raspbian-linux-gnueabihf/bin/arm-raspbian-linux-gnueabihf-gcc --sysroot=/home/paspirine/arm-cross-comp-env/arm-raspbian-linux-gnueabihf/arm-raspbian-linux-gnueabihf/sysroot   -Wl -rpath-link /home/paspirine/arm-cross-comp-env/arm-raspbian-linux-gnueabihf/arm-raspbian-linux-gnueabihf/sysroot/opt/vc/lib -Wl -rpath-link /home/paspirine/arm-cross-comp-env/arm-raspbian-linux-gnueabihf/arm-raspbian-linux-gnueabihf/sysroot/lib/arm-linux-gnueabihf -Wl -rpath-link /home/paspirine/arm-cross-comp-env/arm-raspbian-linux-gnueabihf/arm-raspbian-linux-gnueabihf/sysroot/usr/lib/arm-linux-gnueabihf -Wl -rpath-link /home/paspirine/arm-cross-comp-env/arm-raspbian-linux-gnueabihf/arm-raspbian-linux-gnueabihf/sysroot/usr/local/lib    -v -o CMakeFiles/cmTC_c8e73.dir/CMakeCCompilerABI.c.o   -c /usr/share/cmake/Modules/CMakeCCompilerABI.c]
  ignore line: [Using built-in specs.]
  ignore line: [COLLECT_GCC=/home/paspirine/arm-cross-comp-env/arm-raspbian-linux-gnueabihf/bin/arm-raspbian-linux-gnueabihf-gcc]
  ignore line: [Target: arm-raspbian-linux-gnueabihf]
  ignore line: [Configured with: /home/paspirine/ct-config-rpi-zero/.build/arm-raspbian-linux-gnueabihf/src/gcc/configure --build=x86_64-build_pc-linux-gnu --host=x86_64-build_pc-linux-gnu --target=arm-raspbian-linux-gnueabihf --prefix=/home/paspirine/arm-cross-comp-env/arm-raspbian-linux-gnueabihf --with-sysroot=/home/paspirine/arm-cross-comp-env/arm-raspbian-linux-gnueabihf/arm-raspbian-linux-gnueabihf/sysroot --enable-languages=c c++ --with-pkgversion='crosstool-NG UNKNOWN' --enable-__cxa_atexit --enable-libmudflap --enable-libgomp --enable-libssp --enable-libquadmath --enable-libquadmath-support --enable-libsanitizer --disable-libmpx --with-gmp=/home/paspirine/ct-config-rpi-zero/.build/arm-raspbian-linux-gnueabihf/buildtools --with-mpfr=/home/paspirine/ct-config-rpi-zero/.build/arm-raspbian-linux-gnueabihf/buildtools --with-mpc=/home/paspirine/ct-config-rpi-zero/.build/arm-raspbian-linux-gnueabihf/buildtools --with-isl=/home/paspirine/ct-config-rpi-zero/.build/arm-raspbian-linux-gnueabihf/buildtools --enable-lto --enable-threads=posix --disable-plugin --disable-nls --enable-multiarch --with-local-prefix=/home/paspirine/arm-cross-comp-env/arm-raspbian-linux-gnueabihf/arm-raspbian-linux-gnueabihf/sysroot --enable-long-long --with-arch=armv6 --with-float=hard --with-fpu=vfp --enable-libstdcxx-debug --enable-libstdcxx-time=yes --enable-version-specific-runtime-libs]
  ignore line: [Thread model: posix]
  ignore line: [gcc version 8.3.0 (crosstool-NG UNKNOWN) ]
  ignore line: [COLLECT_GCC_OPTIONS='-v' '-o' 'CMakeFiles/cmTC_c8e73.dir/CMakeCCompilerABI.c.o' '-c'  '-mfloat-abi=hard' '-mfpu=vfp' '-mtls-dialect=gnu' '-marm' '-march=armv6+fp']
  ignore line: [ /home/paspirine/arm-cross-comp-env/arm-raspbian-linux-gnueabihf/libexec/gcc/arm-raspbian-linux-gnueabihf/8.3.0/cc1 -quiet -v -imultilib . -imultiarch arm-linux-gnueabihf -isysroot /home/paspirine/arm-cross-comp-env/arm-raspbian-linux-gnueabihf/arm-raspbian-linux-gnueabihf/sysroot /usr/share/cmake/Modules/CMakeCCompilerABI.c -quiet -dumpbase CMakeCCompilerABI.c -mfloat-abi=hard -mfpu=vfp -mtls-dialect=gnu -marm -march=armv6+fp -auxbase-strip CMakeFiles/cmTC_c8e73.dir/CMakeCCompilerABI.c.o -version -o /tmp/ccmv6cDN.s]
  ignore line: [GNU C17 (crosstool-NG UNKNOWN) version 8.3.0 (arm-raspbian-linux-gnueabihf)]
  ignore line: [	compiled by GNU C version 9.2.1 20190827 (Red Hat 9.2.1-1)  GMP version 6.1.2  MPFR version 3.1.6  MPC version 1.0.3  isl version isl-0.18-GMP]
  ignore line: []
  ignore line: [GGC heuristics: --param ggc-min-expand=100 --param ggc-min-heapsize=131072]
  ignore line: [ignoring nonexistent directory "/home/paspirine/arm-cross-comp-env/arm-raspbian-linux-gnueabihf/arm-raspbian-linux-gnueabihf/sysroot/home/paspirine/arm-cross-comp-env/arm-raspbian-linux-gnueabihf/arm-raspbian-linux-gnueabihf/sysroot/include/arm-linux-gnueabihf"]
  ignore line: [ignoring nonexistent directory "/home/paspirine/arm-cross-comp-env/arm-raspbian-linux-gnueabihf/arm-raspbian-linux-gnueabihf/sysroot/home/paspirine/arm-cross-comp-env/arm-raspbian-linux-gnueabihf/arm-raspbian-linux-gnueabihf/sysroot/include"]
  ignore line: [ignoring nonexistent directory "/home/paspirine/arm-cross-comp-env/arm-raspbian-linux-gnueabihf/lib/gcc/arm-raspbian-linux-gnueabihf/8.3.0/../../../../arm-raspbian-linux-gnueabihf/include"]
  ignore line: [#include "..." search starts here:]
  ignore line: [#include <...> search starts here:]
  ignore line: [ /home/paspirine/arm-cross-comp-env/arm-raspbian-linux-gnueabihf/lib/gcc/arm-raspbian-linux-gnueabihf/8.3.0/include]
  ignore line: [ /home/paspirine/arm-cross-comp-env/arm-raspbian-linux-gnueabihf/lib/gcc/arm-raspbian-linux-gnueabihf/8.3.0/include-fixed]
  ignore line: [ /home/paspirine/arm-cross-comp-env/arm-raspbian-linux-gnueabihf/arm-raspbian-linux-gnueabihf/sysroot/usr/include/arm-linux-gnueabihf]
  ignore line: [ /home/paspirine/arm-cross-comp-env/arm-raspbian-linux-gnueabihf/arm-raspbian-linux-gnueabihf/sysroot/usr/include]
  ignore line: [End of search list.]
  ignore line: [GNU C17 (crosstool-NG UNKNOWN) version 8.3.0 (arm-raspbian-linux-gnueabihf)]
  ignore line: [	compiled by GNU C version 9.2.1 20190827 (Red Hat 9.2.1-1)  GMP version 6.1.2  MPFR version 3.1.6  MPC version 1.0.3  isl version isl-0.18-GMP]
  ignore line: []
  ignore line: [GGC heuristics: --param ggc-min-expand=100 --param ggc-min-heapsize=131072]
  ignore line: [Compiler executable checksum: 6c2c586658628665e02b7b16f53b7194]
  ignore line: [COLLECT_GCC_OPTIONS='-v' '-o' 'CMakeFiles/cmTC_c8e73.dir/CMakeCCompilerABI.c.o' '-c'  '-mfloat-abi=hard' '-mfpu=vfp' '-mtls-dialect=gnu' '-marm' '-march=armv6+fp']
  ignore line: [ /home/paspirine/arm-cross-comp-env/arm-raspbian-linux-gnueabihf/lib/gcc/arm-raspbian-linux-gnueabihf/8.3.0/../../../../arm-raspbian-linux-gnueabihf/bin/as -v -march=armv6 -mfloat-abi=hard -mfpu=vfp -meabi=5 -o CMakeFiles/cmTC_c8e73.dir/CMakeCCompilerABI.c.o /tmp/ccmv6cDN.s]
  ignore line: [GNU assembler version 2.28.1 (arm-raspbian-linux-gnueabihf) using BFD version (crosstool-NG UNKNOWN) 2.28.1]
  ignore line: [COMPILER_PATH=/home/paspirine/arm-cross-comp-env/arm-raspbian-linux-gnueabihf/libexec/gcc/arm-raspbian-linux-gnueabihf/8.3.0/:/home/paspirine/arm-cross-comp-env/arm-raspbian-linux-gnueabihf/libexec/gcc/arm-raspbian-linux-gnueabihf/8.3.0/:/home/paspirine/arm-cross-comp-env/arm-raspbian-linux-gnueabihf/libexec/gcc/arm-raspbian-linux-gnueabihf/:/home/paspirine/arm-cross-comp-env/arm-raspbian-linux-gnueabihf/lib/gcc/arm-raspbian-linux-gnueabihf/8.3.0/:/home/paspirine/arm-cross-comp-env/arm-raspbian-linux-gnueabihf/lib/gcc/arm-raspbian-linux-gnueabihf/:/home/paspirine/arm-cross-comp-env/arm-raspbian-linux-gnueabihf/lib/gcc/arm-raspbian-linux-gnueabihf/8.3.0/../../../../arm-raspbian-linux-gnueabihf/bin/]
  ignore line: [LIBRARY_PATH=/home/paspirine/arm-cross-comp-env/arm-raspbian-linux-gnueabihf/lib/gcc/arm-raspbian-linux-gnueabihf/8.3.0/:/home/paspirine/arm-cross-comp-env/arm-raspbian-linux-gnueabihf/arm-raspbian-linux-gnueabihf/sysroot/lib/arm-linux-gnueabihf/:/home/paspirine/arm-cross-comp-env/arm-raspbian-linux-gnueabihf/arm-raspbian-linux-gnueabihf/sysroot/lib/:/home/paspirine/arm-cross-comp-env/arm-raspbian-linux-gnueabihf/arm-raspbian-linux-gnueabihf/sysroot/usr/lib/arm-linux-gnueabihf/:/home/paspirine/arm-cross-comp-env/arm-raspbian-linux-gnueabihf/arm-raspbian-linux-gnueabihf/sysroot/usr/lib/]
  ignore line: [COLLECT_GCC_OPTIONS='-v' '-o' 'CMakeFiles/cmTC_c8e73.dir/CMakeCCompilerABI.c.o' '-c'  '-mfloat-abi=hard' '-mfpu=vfp' '-mtls-dialect=gnu' '-marm' '-march=armv6+fp']
  ignore line: [Linking C executable cmTC_c8e73]
  ignore line: [/usr/bin/cmake -E cmake_link_script CMakeFiles/cmTC_c8e73.dir/link.txt --verbose=1]
  ignore line: [/home/paspirine/arm-cross-comp-env/arm-raspbian-linux-gnueabihf/bin/arm-raspbian-linux-gnueabihf-gcc --sysroot=/home/paspirine/arm-cross-comp-env/arm-raspbian-linux-gnueabihf/arm-raspbian-linux-gnueabihf/sysroot -Wl -rpath-link /home/paspirine/arm-cross-comp-env/arm-raspbian-linux-gnueabihf/arm-raspbian-linux-gnueabihf/sysroot/opt/vc/lib -Wl -rpath-link /home/paspirine/arm-cross-comp-env/arm-raspbian-linux-gnueabihf/arm-raspbian-linux-gnueabihf/sysroot/lib/arm-linux-gnueabihf -Wl -rpath-link /home/paspirine/arm-cross-comp-env/arm-raspbian-linux-gnueabihf/arm-raspbian-linux-gnueabihf/sysroot/usr/lib/arm-linux-gnueabihf -Wl -rpath-link /home/paspirine/arm-cross-comp-env/arm-raspbian-linux-gnueabihf/arm-raspbian-linux-gnueabihf/sysroot/usr/local/lib    -v -rdynamic CMakeFiles/cmTC_c8e73.dir/CMakeCCompilerABI.c.o  -o cmTC_c8e73 ]
  ignore line: [Using built-in specs.]
  ignore line: [COLLECT_GCC=/home/paspirine/arm-cross-comp-env/arm-raspbian-linux-gnueabihf/bin/arm-raspbian-linux-gnueabihf-gcc]
  ignore line: [COLLECT_LTO_WRAPPER=/home/paspirine/arm-cross-comp-env/arm-raspbian-linux-gnueabihf/libexec/gcc/arm-raspbian-linux-gnueabihf/8.3.0/lto-wrapper]
  ignore line: [Target: arm-raspbian-linux-gnueabihf]
  ignore line: [Configured with: /home/paspirine/ct-config-rpi-zero/.build/arm-raspbian-linux-gnueabihf/src/gcc/configure --build=x86_64-build_pc-linux-gnu --host=x86_64-build_pc-linux-gnu --target=arm-raspbian-linux-gnueabihf --prefix=/home/paspirine/arm-cross-comp-env/arm-raspbian-linux-gnueabihf --with-sysroot=/home/paspirine/arm-cross-comp-env/arm-raspbian-linux-gnueabihf/arm-raspbian-linux-gnueabihf/sysroot --enable-languages=c c++ --with-pkgversion='crosstool-NG UNKNOWN' --enable-__cxa_atexit --enable-libmudflap --enable-libgomp --enable-libssp --enable-libquadmath --enable-libquadmath-support --enable-libsanitizer --disable-libmpx --with-gmp=/home/paspirine/ct-config-rpi-zero/.build/arm-raspbian-linux-gnueabihf/buildtools --with-mpfr=/home/paspirine/ct-config-rpi-zero/.build/arm-raspbian-linux-gnueabihf/buildtools --with-mpc=/home/paspirine/ct-config-rpi-zero/.build/arm-raspbian-linux-gnueabihf/buildtools --with-isl=/home/paspirine/ct-config-rpi-zero/.build/arm-raspbian-linux-gnueabihf/buildtools --enable-lto --enable-threads=posix --disable-plugin --disable-nls --enable-multiarch --with-local-prefix=/home/paspirine/arm-cross-comp-env/arm-raspbian-linux-gnueabihf/arm-raspbian-linux-gnueabihf/sysroot --enable-long-long --with-arch=armv6 --with-float=hard --with-fpu=vfp --enable-libstdcxx-debug --enable-libstdcxx-time=yes --enable-version-specific-runtime-libs]
  ignore line: [Thread model: posix]
  ignore line: [gcc version 8.3.0 (crosstool-NG UNKNOWN) ]
  ignore line: [COMPILER_PATH=/home/paspirine/arm-cross-comp-env/arm-raspbian-linux-gnueabihf/libexec/gcc/arm-raspbian-linux-gnueabihf/8.3.0/:/home/paspirine/arm-cross-comp-env/arm-raspbian-linux-gnueabihf/libexec/gcc/arm-raspbian-linux-gnueabihf/8.3.0/:/home/paspirine/arm-cross-comp-env/arm-raspbian-linux-gnueabihf/libexec/gcc/arm-raspbian-linux-gnueabihf/:/home/paspirine/arm-cross-comp-env/arm-raspbian-linux-gnueabihf/lib/gcc/arm-raspbian-linux-gnueabihf/8.3.0/:/home/paspirine/arm-cross-comp-env/arm-raspbian-linux-gnueabihf/lib/gcc/arm-raspbian-linux-gnueabihf/:/home/paspirine/arm-cross-comp-env/arm-raspbian-linux-gnueabihf/lib/gcc/arm-raspbian-linux-gnueabihf/8.3.0/../../../../arm-raspbian-linux-gnueabihf/bin/]
  ignore line: [LIBRARY_PATH=/home/paspirine/arm-cross-comp-env/arm-raspbian-linux-gnueabihf/lib/gcc/arm-raspbian-linux-gnueabihf/8.3.0/:/home/paspirine/arm-cross-comp-env/arm-raspbian-linux-gnueabihf/arm-raspbian-linux-gnueabihf/sysroot/lib/arm-linux-gnueabihf/:/home/paspirine/arm-cross-comp-env/arm-raspbian-linux-gnueabihf/arm-raspbian-linux-gnueabihf/sysroot/lib/:/home/paspirine/arm-cross-comp-env/arm-raspbian-linux-gnueabihf/arm-raspbian-linux-gnueabihf/sysroot/usr/lib/arm-linux-gnueabihf/:/home/paspirine/arm-cross-comp-env/arm-raspbian-linux-gnueabihf/arm-raspbian-linux-gnueabihf/sysroot/usr/lib/]
  ignore line: [COLLECT_GCC_OPTIONS='-v' '-rdynamic' '-o' 'cmTC_c8e73'  '-mfloat-abi=hard' '-mfpu=vfp' '-mtls-dialect=gnu' '-marm' '-march=armv6+fp']
  link line: [ /home/paspirine/arm-cross-comp-env/arm-raspbian-linux-gnueabihf/libexec/gcc/arm-raspbian-linux-gnueabihf/8.3.0/collect2 -plugin /home/paspirine/arm-cross-comp-env/arm-raspbian-linux-gnueabihf/libexec/gcc/arm-raspbian-linux-gnueabihf/8.3.0/liblto_plugin.so -plugin-opt=/home/paspirine/arm-cross-comp-env/arm-raspbian-linux-gnueabihf/libexec/gcc/arm-raspbian-linux-gnueabihf/8.3.0/lto-wrapper -plugin-opt=-fresolution=/tmp/ccTd53SQ.res -plugin-opt=-pass-through=-lgcc -plugin-opt=-pass-through=-lgcc_s -plugin-opt=-pass-through=-lc -plugin-opt=-pass-through=-lgcc -plugin-opt=-pass-through=-lgcc_s --sysroot=/home/paspirine/arm-cross-comp-env/arm-raspbian-linux-gnueabihf/arm-raspbian-linux-gnueabihf/sysroot --eh-frame-hdr -export-dynamic -dynamic-linker /lib/ld-linux-armhf.so.3 -X -m armelf_linux_eabi -o cmTC_c8e73 /home/paspirine/arm-cross-comp-env/arm-raspbian-linux-gnueabihf/arm-raspbian-linux-gnueabihf/sysroot/usr/lib/arm-linux-gnueabihf/crt1.o /home/paspirine/arm-cross-comp-env/arm-raspbian-linux-gnueabihf/arm-raspbian-linux-gnueabihf/sysroot/usr/lib/arm-linux-gnueabihf/crti.o /home/paspirine/arm-cross-comp-env/arm-raspbian-linux-gnueabihf/lib/gcc/arm-raspbian-linux-gnueabihf/8.3.0/crtbegin.o -L/home/paspirine/arm-cross-comp-env/arm-raspbian-linux-gnueabihf/lib/gcc/arm-raspbian-linux-gnueabihf/8.3.0 -L/home/paspirine/arm-cross-comp-env/arm-raspbian-linux-gnueabihf/arm-raspbian-linux-gnueabihf/sysroot/lib/arm-linux-gnueabihf -L/home/paspirine/arm-cross-comp-env/arm-raspbian-linux-gnueabihf/arm-raspbian-linux-gnueabihf/sysroot/lib -L/home/paspirine/arm-cross-comp-env/arm-raspbian-linux-gnueabihf/arm-raspbian-linux-gnueabihf/sysroot/usr/lib/arm-linux-gnueabihf -L/home/paspirine/arm-cross-comp-env/arm-raspbian-linux-gnueabihf/arm-raspbian-linux-gnueabihf/sysroot/usr/lib -rpath-link /home/paspirine/arm-cross-comp-env/arm-raspbian-linux-gnueabihf/arm-raspbian-linux-gnueabihf/sysroot/opt/vc/lib -rpath-link /home/paspirine/arm-cross-comp-env/arm-raspbian-linux-gnueabihf/arm-raspbian-linux-gnueabihf/sysroot/lib/arm-linux-gnueabihf -rpath-link /home/paspirine/arm-cross-comp-env/arm-raspbian-linux-gnueabihf/arm-raspbian-linux-gnueabihf/sysroot/usr/lib/arm-linux-gnueabihf -rpath-link /home/paspirine/arm-cross-comp-env/arm-raspbian-linux-gnueabihf/arm-raspbian-linux-gnueabihf/sysroot/usr/local/lib CMakeFiles/cmTC_c8e73.dir/CMakeCCompilerABI.c.o -lgcc --as-needed -lgcc_s --no-as-needed -lc -lgcc --as-needed -lgcc_s --no-as-needed /home/paspirine/arm-cross-comp-env/arm-raspbian-linux-gnueabihf/lib/gcc/arm-raspbian-linux-gnueabihf/8.3.0/crtend.o /home/paspirine/arm-cross-comp-env/arm-raspbian-linux-gnueabihf/arm-raspbian-linux-gnueabihf/sysroot/usr/lib/arm-linux-gnueabihf/crtn.o]
    arg [/home/paspirine/arm-cross-comp-env/arm-raspbian-linux-gnueabihf/libexec/gcc/arm-raspbian-linux-gnueabihf/8.3.0/collect2] ==> ignore
    arg [-plugin] ==> ignore
    arg [/home/paspirine/arm-cross-comp-env/arm-raspbian-linux-gnueabihf/libexec/gcc/arm-raspbian-linux-gnueabihf/8.3.0/liblto_plugin.so] ==> ignore
    arg [-plugin-opt=/home/paspirine/arm-cross-comp-env/arm-raspbian-linux-gnueabihf/libexec/gcc/arm-raspbian-linux-gnueabihf/8.3.0/lto-wrapper] ==> ignore
    arg [-plugin-opt=-fresolution=/tmp/ccTd53SQ.res] ==> ignore
    arg [-plugin-opt=-pass-through=-lgcc] ==> ignore
    arg [-plugin-opt=-pass-through=-lgcc_s] ==> ignore
    arg [-plugin-opt=-pass-through=-lc] ==> ignore
    arg [-plugin-opt=-pass-through=-lgcc] ==> ignore
    arg [-plugin-opt=-pass-through=-lgcc_s] ==> ignore
    arg [--sysroot=/home/paspirine/arm-cross-comp-env/arm-raspbian-linux-gnueabihf/arm-raspbian-linux-gnueabihf/sysroot] ==> ignore
    arg [--eh-frame-hdr] ==> ignore
    arg [-export-dynamic] ==> ignore
    arg [-dynamic-linker] ==> ignore
    arg [/lib/ld-linux-armhf.so.3] ==> ignore
    arg [-X] ==> ignore
    arg [-m] ==> ignore
    arg [armelf_linux_eabi] ==> ignore
    arg [-o] ==> ignore
    arg [cmTC_c8e73] ==> ignore
    arg [/home/paspirine/arm-cross-comp-env/arm-raspbian-linux-gnueabihf/arm-raspbian-linux-gnueabihf/sysroot/usr/lib/arm-linux-gnueabihf/crt1.o] ==> ignore
    arg [/home/paspirine/arm-cross-comp-env/arm-raspbian-linux-gnueabihf/arm-raspbian-linux-gnueabihf/sysroot/usr/lib/arm-linux-gnueabihf/crti.o] ==> ignore
    arg [/home/paspirine/arm-cross-comp-env/arm-raspbian-linux-gnueabihf/lib/gcc/arm-raspbian-linux-gnueabihf/8.3.0/crtbegin.o] ==> ignore
    arg [-L/home/paspirine/arm-cross-comp-env/arm-raspbian-linux-gnueabihf/lib/gcc/arm-raspbian-linux-gnueabihf/8.3.0] ==> dir [/home/paspirine/arm-cross-comp-env/arm-raspbian-linux-gnueabihf/lib/gcc/arm-raspbian-linux-gnueabihf/8.3.0]
    arg [-L/home/paspirine/arm-cross-comp-env/arm-raspbian-linux-gnueabihf/arm-raspbian-linux-gnueabihf/sysroot/lib/arm-linux-gnueabihf] ==> dir [/home/paspirine/arm-cross-comp-env/arm-raspbian-linux-gnueabihf/arm-raspbian-linux-gnueabihf/sysroot/lib/arm-linux-gnueabihf]
    arg [-L/home/paspirine/arm-cross-comp-env/arm-raspbian-linux-gnueabihf/arm-raspbian-linux-gnueabihf/sysroot/lib] ==> dir [/home/paspirine/arm-cross-comp-env/arm-raspbian-linux-gnueabihf/arm-raspbian-linux-gnueabihf/sysroot/lib]
    arg [-L/home/paspirine/arm-cross-comp-env/arm-raspbian-linux-gnueabihf/arm-raspbian-linux-gnueabihf/sysroot/usr/lib/arm-linux-gnueabihf] ==> dir [/home/paspirine/arm-cross-comp-env/arm-raspbian-linux-gnueabihf/arm-raspbian-linux-gnueabihf/sysroot/usr/lib/arm-linux-gnueabihf]
    arg [-L/home/paspirine/arm-cross-comp-env/arm-raspbian-linux-gnueabihf/arm-raspbian-linux-gnueabihf/sysroot/usr/lib] ==> dir [/home/paspirine/arm-cross-comp-env/arm-raspbian-linux-gnueabihf/arm-raspbian-linux-gnueabihf/sysroot/usr/lib]
    arg [-rpath-link] ==> ignore
    arg [/home/paspirine/arm-cross-comp-env/arm-raspbian-linux-gnueabihf/arm-raspbian-linux-gnueabihf/sysroot/opt/vc/lib] ==> ignore
    arg [-rpath-link] ==> ignore
    arg [/home/paspirine/arm-cross-comp-env/arm-raspbian-linux-gnueabihf/arm-raspbian-linux-gnueabihf/sysroot/lib/arm-linux-gnueabihf] ==> ignore
    arg [-rpath-link] ==> ignore
    arg [/home/paspirine/arm-cross-comp-env/arm-raspbian-linux-gnueabihf/arm-raspbian-linux-gnueabihf/sysroot/usr/lib/arm-linux-gnueabihf] ==> ignore
    arg [-rpath-link] ==> ignore
    arg [/home/paspirine/arm-cross-comp-env/arm-raspbian-linux-gnueabihf/arm-raspbian-linux-gnueabihf/sysroot/usr/local/lib] ==> ignore
    arg [CMakeFiles/cmTC_c8e73.dir/CMakeCCompilerABI.c.o] ==> ignore
    arg [-lgcc] ==> lib [gcc]
    arg [--as-needed] ==> ignore
    arg [-lgcc_s] ==> lib [gcc_s]
    arg [--no-as-needed] ==> ignore
    arg [-lc] ==> lib [c]
    arg [-lgcc] ==> lib [gcc]
    arg [--as-needed] ==> ignore
    arg [-lgcc_s] ==> lib [gcc_s]
    arg [--no-as-needed] ==> ignore
    arg [/home/paspirine/arm-cross-comp-env/arm-raspbian-linux-gnueabihf/lib/gcc/arm-raspbian-linux-gnueabihf/8.3.0/crtend.o] ==> ignore
    arg [/home/paspirine/arm-cross-comp-env/arm-raspbian-linux-gnueabihf/arm-raspbian-linux-gnueabihf/sysroot/usr/lib/arm-linux-gnueabihf/crtn.o] ==> ignore
  collapse library dir [/home/paspirine/arm-cross-comp-env/arm-raspbian-linux-gnueabihf/lib/gcc/arm-raspbian-linux-gnueabihf/8.3.0] ==> [/home/paspirine/arm-cross-comp-env/arm-raspbian-linux-gnueabihf/lib/gcc/arm-raspbian-linux-gnueabihf/8.3.0]
  collapse library dir [/home/paspirine/arm-cross-comp-env/arm-raspbian-linux-gnueabihf/arm-raspbian-linux-gnueabihf/sysroot/lib/arm-linux-gnueabihf] ==> [/home/paspirine/arm-cross-comp-env/arm-raspbian-linux-gnueabihf/arm-raspbian-linux-gnueabihf/sysroot/lib/arm-linux-gnueabihf]
  collapse library dir [/home/paspirine/arm-cross-comp-env/arm-raspbian-linux-gnueabihf/arm-raspbian-linux-gnueabihf/sysroot/lib] ==> [/home/paspirine/arm-cross-comp-env/arm-raspbian-linux-gnueabihf/arm-raspbian-linux-gnueabihf/sysroot/lib]
  collapse library dir [/home/paspirine/arm-cross-comp-env/arm-raspbian-linux-gnueabihf/arm-raspbian-linux-gnueabihf/sysroot/usr/lib/arm-linux-gnueabihf] ==> [/home/paspirine/arm-cross-comp-env/arm-raspbian-linux-gnueabihf/arm-raspbian-linux-gnueabihf/sysroot/usr/lib/arm-linux-gnueabihf]
  collapse library dir [/home/paspirine/arm-cross-comp-env/arm-raspbian-linux-gnueabihf/arm-raspbian-linux-gnueabihf/sysroot/usr/lib] ==> [/home/paspirine/arm-cross-comp-env/arm-raspbian-linux-gnueabihf/arm-raspbian-linux-gnueabihf/sysroot/usr/lib]
  implicit libs: [gcc;gcc_s;c;gcc;gcc_s]
  implicit dirs: [/home/paspirine/arm-cross-comp-env/arm-raspbian-linux-gnueabihf/lib/gcc/arm-raspbian-linux-gnueabihf/8.3.0;/home/paspirine/arm-cross-comp-env/arm-raspbian-linux-gnueabihf/arm-raspbian-linux-gnueabihf/sysroot/lib/arm-linux-gnueabihf;/home/paspirine/arm-cross-comp-env/arm-raspbian-linux-gnueabihf/arm-raspbian-linux-gnueabihf/sysroot/lib;/home/paspirine/arm-cross-comp-env/arm-raspbian-linux-gnueabihf/arm-raspbian-linux-gnueabihf/sysroot/usr/lib/arm-linux-gnueabihf;/home/paspirine/arm-cross-comp-env/arm-raspbian-linux-gnueabihf/arm-raspbian-linux-gnueabihf/sysroot/usr/lib]
  implicit fwks: []


Determining if the CXX compiler works passed with the following output:
Change Dir: /home/paspirine/projet/laboratoire5/rpi/build/CMakeFiles/CMakeTmp

Run Build Command(s):/usr/bin/gmake cmTC_145af/fast && /usr/bin/gmake -f CMakeFiles/cmTC_145af.dir/build.make CMakeFiles/cmTC_145af.dir/build
gmake[1]: Entering directory '/home/paspirine/projet/laboratoire5/rpi/build/CMakeFiles/CMakeTmp'
Building CXX object CMakeFiles/cmTC_145af.dir/testCXXCompiler.cxx.o
/home/paspirine/arm-cross-comp-env/arm-raspbian-linux-gnueabihf/bin/arm-raspbian-linux-gnueabihf-g++ --sysroot=/home/paspirine/arm-cross-comp-env/arm-raspbian-linux-gnueabihf/arm-raspbian-linux-gnueabihf/sysroot    -Wl,-rpath-link,/home/paspirine/arm-cross-comp-env/arm-raspbian-linux-gnueabihf/arm-raspbian-linux-gnueabihf/sysroot/opt/vc/lib -Wl,-rpath-link,/home/paspirine/arm-cross-comp-env/arm-raspbian-linux-gnueabihf/arm-raspbian-linux-gnueabihf/sysroot/lib/arm-linux-gnueabihf -Wl,-rpath-link,/home/paspirine/arm-cross-comp-env/arm-raspbian-linux-gnueabihf/arm-raspbian-linux-gnueabihf/sysroot/usr/lib/arm-linux-gnueabihf -Wl,-rpath-link,/home/paspirine/arm-cross-comp-env/arm-raspbian-linux-gnueabihf/arm-raspbian-linux-gnueabihf/sysroot/usr/local/lib    -o CMakeFiles/cmTC_145af.dir/testCXXCompiler.cxx.o -c /home/paspirine/projet/laboratoire5/rpi/build/CMakeFiles/CMakeTmp/testCXXCompiler.cxx
Linking CXX executable cmTC_145af
/usr/bin/cmake -E cmake_link_script CMakeFiles/cmTC_145af.dir/link.txt --verbose=1
/home/paspirine/arm-cross-comp-env/arm-raspbian-linux-gnueabihf/bin/arm-raspbian-linux-gnueabihf-g++ --sysroot=/home/paspirine/arm-cross-comp-env/arm-raspbian-linux-gnueabihf/arm-raspbian-linux-gnueabihf/sysroot  -Wl,-rpath-link,/home/paspirine/arm-cross-comp-env/arm-raspbian-linux-gnueabihf/arm-raspbian-linux-gnueabihf/sysroot/opt/vc/lib -Wl,-rpath-link,/home/paspirine/arm-cross-comp-env/arm-raspbian-linux-gnueabihf/arm-raspbian-linux-gnueabihf/sysroot/lib/arm-linux-gnueabihf -Wl,-rpath-link,/home/paspirine/arm-cross-comp-env/arm-raspbian-linux-gnueabihf/arm-raspbian-linux-gnueabihf/sysroot/usr/lib/arm-linux-gnueabihf -Wl,-rpath-link,/home/paspirine/arm-cross-comp-env/arm-raspbian-linux-gnueabihf/arm-raspbian-linux-gnueabihf/sysroot/usr/local/lib     -rdynamic CMakeFiles/cmTC_145af.dir/testCXXCompiler.cxx.o  -o cmTC_145af 
gmake[1]: Leaving directory '/home/paspirine/projet/laboratoire5/rpi/build/CMakeFiles/CMakeTmp'



Detecting CXX compiler ABI info compiled with the following output:
Change Dir: /home/paspirine/projet/laboratoire5/rpi/build/CMakeFiles/CMakeTmp

Run Build Command(s):/usr/bin/gmake cmTC_a2f9f/fast && /usr/bin/gmake -f CMakeFiles/cmTC_a2f9f.dir/build.make CMakeFiles/cmTC_a2f9f.dir/build
gmake[1]: Entering directory '/home/paspirine/projet/laboratoire5/rpi/build/CMakeFiles/CMakeTmp'
Building CXX object CMakeFiles/cmTC_a2f9f.dir/CMakeCXXCompilerABI.cpp.o
/home/paspirine/arm-cross-comp-env/arm-raspbian-linux-gnueabihf/bin/arm-raspbian-linux-gnueabihf-g++ --sysroot=/home/paspirine/arm-cross-comp-env/arm-raspbian-linux-gnueabihf/arm-raspbian-linux-gnueabihf/sysroot    -Wl,-rpath-link,/home/paspirine/arm-cross-comp-env/arm-raspbian-linux-gnueabihf/arm-raspbian-linux-gnueabihf/sysroot/opt/vc/lib -Wl,-rpath-link,/home/paspirine/arm-cross-comp-env/arm-raspbian-linux-gnueabihf/arm-raspbian-linux-gnueabihf/sysroot/lib/arm-linux-gnueabihf -Wl,-rpath-link,/home/paspirine/arm-cross-comp-env/arm-raspbian-linux-gnueabihf/arm-raspbian-linux-gnueabihf/sysroot/usr/lib/arm-linux-gnueabihf -Wl,-rpath-link,/home/paspirine/arm-cross-comp-env/arm-raspbian-linux-gnueabihf/arm-raspbian-linux-gnueabihf/sysroot/usr/local/lib    -v -o CMakeFiles/cmTC_a2f9f.dir/CMakeCXXCompilerABI.cpp.o -c /usr/share/cmake/Modules/CMakeCXXCompilerABI.cpp
Using built-in specs.
COLLECT_GCC=/home/paspirine/arm-cross-comp-env/arm-raspbian-linux-gnueabihf/bin/arm-raspbian-linux-gnueabihf-g++
Target: arm-raspbian-linux-gnueabihf
Configured with: /home/paspirine/ct-config-rpi-zero/.build/arm-raspbian-linux-gnueabihf/src/gcc/configure --build=x86_64-build_pc-linux-gnu --host=x86_64-build_pc-linux-gnu --target=arm-raspbian-linux-gnueabihf --prefix=/home/paspirine/arm-cross-comp-env/arm-raspbian-linux-gnueabihf --with-sysroot=/home/paspirine/arm-cross-comp-env/arm-raspbian-linux-gnueabihf/arm-raspbian-linux-gnueabihf/sysroot --enable-languages=c,c++ --with-pkgversion='crosstool-NG UNKNOWN' --enable-__cxa_atexit --enable-libmudflap --enable-libgomp --enable-libssp --enable-libquadmath --enable-libquadmath-support --enable-libsanitizer --disable-libmpx --with-gmp=/home/paspirine/ct-config-rpi-zero/.build/arm-raspbian-linux-gnueabihf/buildtools --with-mpfr=/home/paspirine/ct-config-rpi-zero/.build/arm-raspbian-linux-gnueabihf/buildtools --with-mpc=/home/paspirine/ct-config-rpi-zero/.build/arm-raspbian-linux-gnueabihf/buildtools --with-isl=/home/paspirine/ct-config-rpi-zero/.build/arm-raspbian-linux-gnueabihf/buildtools --enable-lto --enable-threads=posix --disable-plugin --disable-nls --enable-multiarch --with-local-prefix=/home/paspirine/arm-cross-comp-env/arm-raspbian-linux-gnueabihf/arm-raspbian-linux-gnueabihf/sysroot --enable-long-long --with-arch=armv6 --with-float=hard --with-fpu=vfp --enable-libstdcxx-debug --enable-libstdcxx-time=yes --enable-version-specific-runtime-libs
Thread model: posix
gcc version 8.3.0 (crosstool-NG UNKNOWN) 
COLLECT_GCC_OPTIONS='-v' '-o' 'CMakeFiles/cmTC_a2f9f.dir/CMakeCXXCompilerABI.cpp.o' '-c' '-shared-libgcc'  '-mfloat-abi=hard' '-mfpu=vfp' '-mtls-dialect=gnu' '-marm' '-march=armv6+fp'
 /home/paspirine/arm-cross-comp-env/arm-raspbian-linux-gnueabihf/libexec/gcc/arm-raspbian-linux-gnueabihf/8.3.0/cc1plus -quiet -v -imultilib . -imultiarch arm-linux-gnueabihf -isysroot /home/paspirine/arm-cross-comp-env/arm-raspbian-linux-gnueabihf/arm-raspbian-linux-gnueabihf/sysroot -D_GNU_SOURCE /usr/share/cmake/Modules/CMakeCXXCompilerABI.cpp -quiet -dumpbase CMakeCXXCompilerABI.cpp -mfloat-abi=hard -mfpu=vfp -mtls-dialect=gnu -marm -march=armv6+fp -auxbase-strip CMakeFiles/cmTC_a2f9f.dir/CMakeCXXCompilerABI.cpp.o -version -o /tmp/ccqCLwP7.s
GNU C++14 (crosstool-NG UNKNOWN) version 8.3.0 (arm-raspbian-linux-gnueabihf)
	compiled by GNU C version 9.2.1 20190827 (Red Hat 9.2.1-1), GMP version 6.1.2, MPFR version 3.1.6, MPC version 1.0.3, isl version isl-0.18-GMP

GGC heuristics: --param ggc-min-expand=100 --param ggc-min-heapsize=131072
ignoring nonexistent directory "/home/paspirine/arm-cross-comp-env/arm-raspbian-linux-gnueabihf/arm-raspbian-linux-gnueabihf/sysroot/home/paspirine/arm-cross-comp-env/arm-raspbian-linux-gnueabihf/arm-raspbian-linux-gnueabihf/sysroot/include/arm-linux-gnueabihf"
ignoring nonexistent directory "/home/paspirine/arm-cross-comp-env/arm-raspbian-linux-gnueabihf/arm-raspbian-linux-gnueabihf/sysroot/home/paspirine/arm-cross-comp-env/arm-raspbian-linux-gnueabihf/arm-raspbian-linux-gnueabihf/sysroot/include"
ignoring nonexistent directory "/home/paspirine/arm-cross-comp-env/arm-raspbian-linux-gnueabihf/lib/gcc/arm-raspbian-linux-gnueabihf/8.3.0/../../../../arm-raspbian-linux-gnueabihf/include"
#include "..." search starts here:
#include <...> search starts here:
 /home/paspirine/arm-cross-comp-env/arm-raspbian-linux-gnueabihf/lib/gcc/arm-raspbian-linux-gnueabihf/8.3.0/include/c++
 /home/paspirine/arm-cross-comp-env/arm-raspbian-linux-gnueabihf/lib/gcc/arm-raspbian-linux-gnueabihf/8.3.0/include/c++/arm-raspbian-linux-gnueabihf/.
 /home/paspirine/arm-cross-comp-env/arm-raspbian-linux-gnueabihf/lib/gcc/arm-raspbian-linux-gnueabihf/8.3.0/include/c++/backward
 /home/paspirine/arm-cross-comp-env/arm-raspbian-linux-gnueabihf/lib/gcc/arm-raspbian-linux-gnueabihf/8.3.0/include
 /home/paspirine/arm-cross-comp-env/arm-raspbian-linux-gnueabihf/lib/gcc/arm-raspbian-linux-gnueabihf/8.3.0/include-fixed
 /home/paspirine/arm-cross-comp-env/arm-raspbian-linux-gnueabihf/arm-raspbian-linux-gnueabihf/sysroot/usr/include/arm-linux-gnueabihf
 /home/paspirine/arm-cross-comp-env/arm-raspbian-linux-gnueabihf/arm-raspbian-linux-gnueabihf/sysroot/usr/include
End of search list.
GNU C++14 (crosstool-NG UNKNOWN) version 8.3.0 (arm-raspbian-linux-gnueabihf)
	compiled by GNU C version 9.2.1 20190827 (Red Hat 9.2.1-1), GMP version 6.1.2, MPFR version 3.1.6, MPC version 1.0.3, isl version isl-0.18-GMP

GGC heuristics: --param ggc-min-expand=100 --param ggc-min-heapsize=131072
Compiler executable checksum: e358eb857be258d0ff6476cf23ae6650
COLLECT_GCC_OPTIONS='-v' '-o' 'CMakeFiles/cmTC_a2f9f.dir/CMakeCXXCompilerABI.cpp.o' '-c' '-shared-libgcc'  '-mfloat-abi=hard' '-mfpu=vfp' '-mtls-dialect=gnu' '-marm' '-march=armv6+fp'
 /home/paspirine/arm-cross-comp-env/arm-raspbian-linux-gnueabihf/lib/gcc/arm-raspbian-linux-gnueabihf/8.3.0/../../../../arm-raspbian-linux-gnueabihf/bin/as -v -march=armv6 -mfloat-abi=hard -mfpu=vfp -meabi=5 -o CMakeFiles/cmTC_a2f9f.dir/CMakeCXXCompilerABI.cpp.o /tmp/ccqCLwP7.s
GNU assembler version 2.28.1 (arm-raspbian-linux-gnueabihf) using BFD version (crosstool-NG UNKNOWN) 2.28.1
COMPILER_PATH=/home/paspirine/arm-cross-comp-env/arm-raspbian-linux-gnueabihf/libexec/gcc/arm-raspbian-linux-gnueabihf/8.3.0/:/home/paspirine/arm-cross-comp-env/arm-raspbian-linux-gnueabihf/libexec/gcc/arm-raspbian-linux-gnueabihf/8.3.0/:/home/paspirine/arm-cross-comp-env/arm-raspbian-linux-gnueabihf/libexec/gcc/arm-raspbian-linux-gnueabihf/:/home/paspirine/arm-cross-comp-env/arm-raspbian-linux-gnueabihf/lib/gcc/arm-raspbian-linux-gnueabihf/8.3.0/:/home/paspirine/arm-cross-comp-env/arm-raspbian-linux-gnueabihf/lib/gcc/arm-raspbian-linux-gnueabihf/:/home/paspirine/arm-cross-comp-env/arm-raspbian-linux-gnueabihf/lib/gcc/arm-raspbian-linux-gnueabihf/8.3.0/../../../../arm-raspbian-linux-gnueabihf/bin/
LIBRARY_PATH=/home/paspirine/arm-cross-comp-env/arm-raspbian-linux-gnueabihf/lib/gcc/arm-raspbian-linux-gnueabihf/8.3.0/:/home/paspirine/arm-cross-comp-env/arm-raspbian-linux-gnueabihf/arm-raspbian-linux-gnueabihf/sysroot/lib/arm-linux-gnueabihf/:/home/paspirine/arm-cross-comp-env/arm-raspbian-linux-gnueabihf/arm-raspbian-linux-gnueabihf/sysroot/lib/:/home/paspirine/arm-cross-comp-env/arm-raspbian-linux-gnueabihf/arm-raspbian-linux-gnueabihf/sysroot/usr/lib/arm-linux-gnueabihf/:/home/paspirine/arm-cross-comp-env/arm-raspbian-linux-gnueabihf/arm-raspbian-linux-gnueabihf/sysroot/usr/lib/
COLLECT_GCC_OPTIONS='-v' '-o' 'CMakeFiles/cmTC_a2f9f.dir/CMakeCXXCompilerABI.cpp.o' '-c' '-shared-libgcc'  '-mfloat-abi=hard' '-mfpu=vfp' '-mtls-dialect=gnu' '-marm' '-march=armv6+fp'
Linking CXX executable cmTC_a2f9f
/usr/bin/cmake -E cmake_link_script CMakeFiles/cmTC_a2f9f.dir/link.txt --verbose=1
/home/paspirine/arm-cross-comp-env/arm-raspbian-linux-gnueabihf/bin/arm-raspbian-linux-gnueabihf-g++ --sysroot=/home/paspirine/arm-cross-comp-env/arm-raspbian-linux-gnueabihf/arm-raspbian-linux-gnueabihf/sysroot  -Wl,-rpath-link,/home/paspirine/arm-cross-comp-env/arm-raspbian-linux-gnueabihf/arm-raspbian-linux-gnueabihf/sysroot/opt/vc/lib -Wl,-rpath-link,/home/paspirine/arm-cross-comp-env/arm-raspbian-linux-gnueabihf/arm-raspbian-linux-gnueabihf/sysroot/lib/arm-linux-gnueabihf -Wl,-rpath-link,/home/paspirine/arm-cross-comp-env/arm-raspbian-linux-gnueabihf/arm-raspbian-linux-gnueabihf/sysroot/usr/lib/arm-linux-gnueabihf -Wl,-rpath-link,/home/paspirine/arm-cross-comp-env/arm-raspbian-linux-gnueabihf/arm-raspbian-linux-gnueabihf/sysroot/usr/local/lib    -v -rdynamic CMakeFiles/cmTC_a2f9f.dir/CMakeCXXCompilerABI.cpp.o  -o cmTC_a2f9f 
Using built-in specs.
COLLECT_GCC=/home/paspirine/arm-cross-comp-env/arm-raspbian-linux-gnueabihf/bin/arm-raspbian-linux-gnueabihf-g++
COLLECT_LTO_WRAPPER=/home/paspirine/arm-cross-comp-env/arm-raspbian-linux-gnueabihf/libexec/gcc/arm-raspbian-linux-gnueabihf/8.3.0/lto-wrapper
Target: arm-raspbian-linux-gnueabihf
Configured with: /home/paspirine/ct-config-rpi-zero/.build/arm-raspbian-linux-gnueabihf/src/gcc/configure --build=x86_64-build_pc-linux-gnu --host=x86_64-build_pc-linux-gnu --target=arm-raspbian-linux-gnueabihf --prefix=/home/paspirine/arm-cross-comp-env/arm-raspbian-linux-gnueabihf --with-sysroot=/home/paspirine/arm-cross-comp-env/arm-raspbian-linux-gnueabihf/arm-raspbian-linux-gnueabihf/sysroot --enable-languages=c,c++ --with-pkgversion='crosstool-NG UNKNOWN' --enable-__cxa_atexit --enable-libmudflap --enable-libgomp --enable-libssp --enable-libquadmath --enable-libquadmath-support --enable-libsanitizer --disable-libmpx --with-gmp=/home/paspirine/ct-config-rpi-zero/.build/arm-raspbian-linux-gnueabihf/buildtools --with-mpfr=/home/paspirine/ct-config-rpi-zero/.build/arm-raspbian-linux-gnueabihf/buildtools --with-mpc=/home/paspirine/ct-config-rpi-zero/.build/arm-raspbian-linux-gnueabihf/buildtools --with-isl=/home/paspirine/ct-config-rpi-zero/.build/arm-raspbian-linux-gnueabihf/buildtools --enable-lto --enable-threads=posix --disable-plugin --disable-nls --enable-multiarch --with-local-prefix=/home/paspirine/arm-cross-comp-env/arm-raspbian-linux-gnueabihf/arm-raspbian-linux-gnueabihf/sysroot --enable-long-long --with-arch=armv6 --with-float=hard --with-fpu=vfp --enable-libstdcxx-debug --enable-libstdcxx-time=yes --enable-version-specific-runtime-libs
Thread model: posix
gcc version 8.3.0 (crosstool-NG UNKNOWN) 
COMPILER_PATH=/home/paspirine/arm-cross-comp-env/arm-raspbian-linux-gnueabihf/libexec/gcc/arm-raspbian-linux-gnueabihf/8.3.0/:/home/paspirine/arm-cross-comp-env/arm-raspbian-linux-gnueabihf/libexec/gcc/arm-raspbian-linux-gnueabihf/8.3.0/:/home/paspirine/arm-cross-comp-env/arm-raspbian-linux-gnueabihf/libexec/gcc/arm-raspbian-linux-gnueabihf/:/home/paspirine/arm-cross-comp-env/arm-raspbian-linux-gnueabihf/lib/gcc/arm-raspbian-linux-gnueabihf/8.3.0/:/home/paspirine/arm-cross-comp-env/arm-raspbian-linux-gnueabihf/lib/gcc/arm-raspbian-linux-gnueabihf/:/home/paspirine/arm-cross-comp-env/arm-raspbian-linux-gnueabihf/lib/gcc/arm-raspbian-linux-gnueabihf/8.3.0/../../../../arm-raspbian-linux-gnueabihf/bin/
LIBRARY_PATH=/home/paspirine/arm-cross-comp-env/arm-raspbian-linux-gnueabihf/lib/gcc/arm-raspbian-linux-gnueabihf/8.3.0/:/home/paspirine/arm-cross-comp-env/arm-raspbian-linux-gnueabihf/arm-raspbian-linux-gnueabihf/sysroot/lib/arm-linux-gnueabihf/:/home/paspirine/arm-cross-comp-env/arm-raspbian-linux-gnueabihf/arm-raspbian-linux-gnueabihf/sysroot/lib/:/home/paspirine/arm-cross-comp-env/arm-raspbian-linux-gnueabihf/arm-raspbian-linux-gnueabihf/sysroot/usr/lib/arm-linux-gnueabihf/:/home/paspirine/arm-cross-comp-env/arm-raspbian-linux-gnueabihf/arm-raspbian-linux-gnueabihf/sysroot/usr/lib/
COLLECT_GCC_OPTIONS='-v' '-rdynamic' '-o' 'cmTC_a2f9f' '-shared-libgcc'  '-mfloat-abi=hard' '-mfpu=vfp' '-mtls-dialect=gnu' '-marm' '-march=armv6+fp'
 /home/paspirine/arm-cross-comp-env/arm-raspbian-linux-gnueabihf/libexec/gcc/arm-raspbian-linux-gnueabihf/8.3.0/collect2 -plugin /home/paspirine/arm-cross-comp-env/arm-raspbian-linux-gnueabihf/libexec/gcc/arm-raspbian-linux-gnueabihf/8.3.0/liblto_plugin.so -plugin-opt=/home/paspirine/arm-cross-comp-env/arm-raspbian-linux-gnueabihf/libexec/gcc/arm-raspbian-linux-gnueabihf/8.3.0/lto-wrapper -plugin-opt=-fresolution=/tmp/cc417lAd.res -plugin-opt=-pass-through=-lgcc_s -plugin-opt=-pass-through=-lgcc -plugin-opt=-pass-through=-lc -plugin-opt=-pass-through=-lgcc_s -plugin-opt=-pass-through=-lgcc --sysroot=/home/paspirine/arm-cross-comp-env/arm-raspbian-linux-gnueabihf/arm-raspbian-linux-gnueabihf/sysroot --eh-frame-hdr -export-dynamic -dynamic-linker /lib/ld-linux-armhf.so.3 -X -m armelf_linux_eabi -o cmTC_a2f9f /home/paspirine/arm-cross-comp-env/arm-raspbian-linux-gnueabihf/arm-raspbian-linux-gnueabihf/sysroot/usr/lib/arm-linux-gnueabihf/crt1.o /home/paspirine/arm-cross-comp-env/arm-raspbian-linux-gnueabihf/arm-raspbian-linux-gnueabihf/sysroot/usr/lib/arm-linux-gnueabihf/crti.o /home/paspirine/arm-cross-comp-env/arm-raspbian-linux-gnueabihf/lib/gcc/arm-raspbian-linux-gnueabihf/8.3.0/crtbegin.o -L/home/paspirine/arm-cross-comp-env/arm-raspbian-linux-gnueabihf/lib/gcc/arm-raspbian-linux-gnueabihf/8.3.0 -L/home/paspirine/arm-cross-comp-env/arm-raspbian-linux-gnueabihf/arm-raspbian-linux-gnueabihf/sysroot/lib/arm-linux-gnueabihf -L/home/paspirine/arm-cross-comp-env/arm-raspbian-linux-gnueabihf/arm-raspbian-linux-gnueabihf/sysroot/lib -L/home/paspirine/arm-cross-comp-env/arm-raspbian-linux-gnueabihf/arm-raspbian-linux-gnueabihf/sysroot/usr/lib/arm-linux-gnueabihf -L/home/paspirine/arm-cross-comp-env/arm-raspbian-linux-gnueabihf/arm-raspbian-linux-gnueabihf/sysroot/usr/lib -rpath-link /home/paspirine/arm-cross-comp-env/arm-raspbian-linux-gnueabihf/arm-raspbian-linux-gnueabihf/sysroot/opt/vc/lib -rpath-link /home/paspirine/arm-cross-comp-env/arm-raspbian-linux-gnueabihf/arm-raspbian-linux-gnueabihf/sysroot/lib/arm-linux-gnueabihf -rpath-link /home/paspirine/arm-cross-comp-env/arm-raspbian-linux-gnueabihf/arm-raspbian-linux-gnueabihf/sysroot/usr/lib/arm-linux-gnueabihf -rpath-link /home/paspirine/arm-cross-comp-env/arm-raspbian-linux-gnueabihf/arm-raspbian-linux-gnueabihf/sysroot/usr/local/lib CMakeFiles/cmTC_a2f9f.dir/CMakeCXXCompilerABI.cpp.o -lstdc++ -lm -lgcc_s -lgcc -lc -lgcc_s -lgcc /home/paspirine/arm-cross-comp-env/arm-raspbian-linux-gnueabihf/lib/gcc/arm-raspbian-linux-gnueabihf/8.3.0/crtend.o /home/paspirine/arm-cross-comp-env/arm-raspbian-linux-gnueabihf/arm-raspbian-linux-gnueabihf/sysroot/usr/lib/arm-linux-gnueabihf/crtn.o
COLLECT_GCC_OPTIONS='-v' '-rdynamic' '-o' 'cmTC_a2f9f' '-shared-libgcc'  '-mfloat-abi=hard' '-mfpu=vfp' '-mtls-dialect=gnu' '-marm' '-march=armv6+fp'
gmake[1]: Leaving directory '/home/paspirine/projet/laboratoire5/rpi/build/CMakeFiles/CMakeTmp'



Parsed CXX implicit include dir info from above output: rv=done
  found start of include info
  found start of implicit include info
    add: [/home/paspirine/arm-cross-comp-env/arm-raspbian-linux-gnueabihf/lib/gcc/arm-raspbian-linux-gnueabihf/8.3.0/include/c++]
    add: [/home/paspirine/arm-cross-comp-env/arm-raspbian-linux-gnueabihf/lib/gcc/arm-raspbian-linux-gnueabihf/8.3.0/include/c++/arm-raspbian-linux-gnueabihf/.]
    add: [/home/paspirine/arm-cross-comp-env/arm-raspbian-linux-gnueabihf/lib/gcc/arm-raspbian-linux-gnueabihf/8.3.0/include/c++/backward]
    add: [/home/paspirine/arm-cross-comp-env/arm-raspbian-linux-gnueabihf/lib/gcc/arm-raspbian-linux-gnueabihf/8.3.0/include]
    add: [/home/paspirine/arm-cross-comp-env/arm-raspbian-linux-gnueabihf/lib/gcc/arm-raspbian-linux-gnueabihf/8.3.0/include-fixed]
    add: [/home/paspirine/arm-cross-comp-env/arm-raspbian-linux-gnueabihf/arm-raspbian-linux-gnueabihf/sysroot/usr/include/arm-linux-gnueabihf]
    add: [/home/paspirine/arm-cross-comp-env/arm-raspbian-linux-gnueabihf/arm-raspbian-linux-gnueabihf/sysroot/usr/include]
  end of search list found
  collapse include dir [/home/paspirine/arm-cross-comp-env/arm-raspbian-linux-gnueabihf/lib/gcc/arm-raspbian-linux-gnueabihf/8.3.0/include/c++] ==> [/home/paspirine/arm-cross-comp-env/arm-raspbian-linux-gnueabihf/lib/gcc/arm-raspbian-linux-gnueabihf/8.3.0/include/c++]
  collapse include dir [/home/paspirine/arm-cross-comp-env/arm-raspbian-linux-gnueabihf/lib/gcc/arm-raspbian-linux-gnueabihf/8.3.0/include/c++/arm-raspbian-linux-gnueabihf/.] ==> [/home/paspirine/arm-cross-comp-env/arm-raspbian-linux-gnueabihf/lib/gcc/arm-raspbian-linux-gnueabihf/8.3.0/include/c++/arm-raspbian-linux-gnueabihf]
  collapse include dir [/home/paspirine/arm-cross-comp-env/arm-raspbian-linux-gnueabihf/lib/gcc/arm-raspbian-linux-gnueabihf/8.3.0/include/c++/backward] ==> [/home/paspirine/arm-cross-comp-env/arm-raspbian-linux-gnueabihf/lib/gcc/arm-raspbian-linux-gnueabihf/8.3.0/include/c++/backward]
  collapse include dir [/home/paspirine/arm-cross-comp-env/arm-raspbian-linux-gnueabihf/lib/gcc/arm-raspbian-linux-gnueabihf/8.3.0/include] ==> [/home/paspirine/arm-cross-comp-env/arm-raspbian-linux-gnueabihf/lib/gcc/arm-raspbian-linux-gnueabihf/8.3.0/include]
  collapse include dir [/home/paspirine/arm-cross-comp-env/arm-raspbian-linux-gnueabihf/lib/gcc/arm-raspbian-linux-gnueabihf/8.3.0/include-fixed] ==> [/home/paspirine/arm-cross-comp-env/arm-raspbian-linux-gnueabihf/lib/gcc/arm-raspbian-linux-gnueabihf/8.3.0/include-fixed]
  collapse include dir [/home/paspirine/arm-cross-comp-env/arm-raspbian-linux-gnueabihf/arm-raspbian-linux-gnueabihf/sysroot/usr/include/arm-linux-gnueabihf] ==> [/home/paspirine/arm-cross-comp-env/arm-raspbian-linux-gnueabihf/arm-raspbian-linux-gnueabihf/sysroot/usr/include/arm-linux-gnueabihf]
  collapse include dir [/home/paspirine/arm-cross-comp-env/arm-raspbian-linux-gnueabihf/arm-raspbian-linux-gnueabihf/sysroot/usr/include] ==> [/home/paspirine/arm-cross-comp-env/arm-raspbian-linux-gnueabihf/arm-raspbian-linux-gnueabihf/sysroot/usr/include]
  implicit include dirs: [/home/paspirine/arm-cross-comp-env/arm-raspbian-linux-gnueabihf/lib/gcc/arm-raspbian-linux-gnueabihf/8.3.0/include/c++;/home/paspirine/arm-cross-comp-env/arm-raspbian-linux-gnueabihf/lib/gcc/arm-raspbian-linux-gnueabihf/8.3.0/include/c++/arm-raspbian-linux-gnueabihf;/home/paspirine/arm-cross-comp-env/arm-raspbian-linux-gnueabihf/lib/gcc/arm-raspbian-linux-gnueabihf/8.3.0/include/c++/backward;/home/paspirine/arm-cross-comp-env/arm-raspbian-linux-gnueabihf/lib/gcc/arm-raspbian-linux-gnueabihf/8.3.0/include;/home/paspirine/arm-cross-comp-env/arm-raspbian-linux-gnueabihf/lib/gcc/arm-raspbian-linux-gnueabihf/8.3.0/include-fixed;/home/paspirine/arm-cross-comp-env/arm-raspbian-linux-gnueabihf/arm-raspbian-linux-gnueabihf/sysroot/usr/include/arm-linux-gnueabihf;/home/paspirine/arm-cross-comp-env/arm-raspbian-linux-gnueabihf/arm-raspbian-linux-gnueabihf/sysroot/usr/include]


Parsed CXX implicit link information from above output:
  link line regex: [^( *|.*[/\])(arm-raspbian-linux-gnueabihf-ld|CMAKE_LINK_STARTFILE-NOTFOUND|([^/\]+-)?ld|collect2)[^/\]*( |$)]
  ignore line: [Change Dir: /home/paspirine/projet/laboratoire5/rpi/build/CMakeFiles/CMakeTmp]
  ignore line: []
  ignore line: [Run Build Command(s):/usr/bin/gmake cmTC_a2f9f/fast && /usr/bin/gmake -f CMakeFiles/cmTC_a2f9f.dir/build.make CMakeFiles/cmTC_a2f9f.dir/build]
  ignore line: [gmake[1]: Entering directory '/home/paspirine/projet/laboratoire5/rpi/build/CMakeFiles/CMakeTmp']
  ignore line: [Building CXX object CMakeFiles/cmTC_a2f9f.dir/CMakeCXXCompilerABI.cpp.o]
  ignore line: [/home/paspirine/arm-cross-comp-env/arm-raspbian-linux-gnueabihf/bin/arm-raspbian-linux-gnueabihf-g++ --sysroot=/home/paspirine/arm-cross-comp-env/arm-raspbian-linux-gnueabihf/arm-raspbian-linux-gnueabihf/sysroot    -Wl -rpath-link /home/paspirine/arm-cross-comp-env/arm-raspbian-linux-gnueabihf/arm-raspbian-linux-gnueabihf/sysroot/opt/vc/lib -Wl -rpath-link /home/paspirine/arm-cross-comp-env/arm-raspbian-linux-gnueabihf/arm-raspbian-linux-gnueabihf/sysroot/lib/arm-linux-gnueabihf -Wl -rpath-link /home/paspirine/arm-cross-comp-env/arm-raspbian-linux-gnueabihf/arm-raspbian-linux-gnueabihf/sysroot/usr/lib/arm-linux-gnueabihf -Wl -rpath-link /home/paspirine/arm-cross-comp-env/arm-raspbian-linux-gnueabihf/arm-raspbian-linux-gnueabihf/sysroot/usr/local/lib    -v -o CMakeFiles/cmTC_a2f9f.dir/CMakeCXXCompilerABI.cpp.o -c /usr/share/cmake/Modules/CMakeCXXCompilerABI.cpp]
  ignore line: [Using built-in specs.]
  ignore line: [COLLECT_GCC=/home/paspirine/arm-cross-comp-env/arm-raspbian-linux-gnueabihf/bin/arm-raspbian-linux-gnueabihf-g++]
  ignore line: [Target: arm-raspbian-linux-gnueabihf]
  ignore line: [Configured with: /home/paspirine/ct-config-rpi-zero/.build/arm-raspbian-linux-gnueabihf/src/gcc/configure --build=x86_64-build_pc-linux-gnu --host=x86_64-build_pc-linux-gnu --target=arm-raspbian-linux-gnueabihf --prefix=/home/paspirine/arm-cross-comp-env/arm-raspbian-linux-gnueabihf --with-sysroot=/home/paspirine/arm-cross-comp-env/arm-raspbian-linux-gnueabihf/arm-raspbian-linux-gnueabihf/sysroot --enable-languages=c c++ --with-pkgversion='crosstool-NG UNKNOWN' --enable-__cxa_atexit --enable-libmudflap --enable-libgomp --enable-libssp --enable-libquadmath --enable-libquadmath-support --enable-libsanitizer --disable-libmpx --with-gmp=/home/paspirine/ct-config-rpi-zero/.build/arm-raspbian-linux-gnueabihf/buildtools --with-mpfr=/home/paspirine/ct-config-rpi-zero/.build/arm-raspbian-linux-gnueabihf/buildtools --with-mpc=/home/paspirine/ct-config-rpi-zero/.build/arm-raspbian-linux-gnueabihf/buildtools --with-isl=/home/paspirine/ct-config-rpi-zero/.build/arm-raspbian-linux-gnueabihf/buildtools --enable-lto --enable-threads=posix --disable-plugin --disable-nls --enable-multiarch --with-local-prefix=/home/paspirine/arm-cross-comp-env/arm-raspbian-linux-gnueabihf/arm-raspbian-linux-gnueabihf/sysroot --enable-long-long --with-arch=armv6 --with-float=hard --with-fpu=vfp --enable-libstdcxx-debug --enable-libstdcxx-time=yes --enable-version-specific-runtime-libs]
  ignore line: [Thread model: posix]
  ignore line: [gcc version 8.3.0 (crosstool-NG UNKNOWN) ]
  ignore line: [COLLECT_GCC_OPTIONS='-v' '-o' 'CMakeFiles/cmTC_a2f9f.dir/CMakeCXXCompilerABI.cpp.o' '-c' '-shared-libgcc'  '-mfloat-abi=hard' '-mfpu=vfp' '-mtls-dialect=gnu' '-marm' '-march=armv6+fp']
  ignore line: [ /home/paspirine/arm-cross-comp-env/arm-raspbian-linux-gnueabihf/libexec/gcc/arm-raspbian-linux-gnueabihf/8.3.0/cc1plus -quiet -v -imultilib . -imultiarch arm-linux-gnueabihf -isysroot /home/paspirine/arm-cross-comp-env/arm-raspbian-linux-gnueabihf/arm-raspbian-linux-gnueabihf/sysroot -D_GNU_SOURCE /usr/share/cmake/Modules/CMakeCXXCompilerABI.cpp -quiet -dumpbase CMakeCXXCompilerABI.cpp -mfloat-abi=hard -mfpu=vfp -mtls-dialect=gnu -marm -march=armv6+fp -auxbase-strip CMakeFiles/cmTC_a2f9f.dir/CMakeCXXCompilerABI.cpp.o -version -o /tmp/ccqCLwP7.s]
  ignore line: [GNU C++14 (crosstool-NG UNKNOWN) version 8.3.0 (arm-raspbian-linux-gnueabihf)]
  ignore line: [	compiled by GNU C version 9.2.1 20190827 (Red Hat 9.2.1-1)  GMP version 6.1.2  MPFR version 3.1.6  MPC version 1.0.3  isl version isl-0.18-GMP]
  ignore line: []
  ignore line: [GGC heuristics: --param ggc-min-expand=100 --param ggc-min-heapsize=131072]
  ignore line: [ignoring nonexistent directory "/home/paspirine/arm-cross-comp-env/arm-raspbian-linux-gnueabihf/arm-raspbian-linux-gnueabihf/sysroot/home/paspirine/arm-cross-comp-env/arm-raspbian-linux-gnueabihf/arm-raspbian-linux-gnueabihf/sysroot/include/arm-linux-gnueabihf"]
  ignore line: [ignoring nonexistent directory "/home/paspirine/arm-cross-comp-env/arm-raspbian-linux-gnueabihf/arm-raspbian-linux-gnueabihf/sysroot/home/paspirine/arm-cross-comp-env/arm-raspbian-linux-gnueabihf/arm-raspbian-linux-gnueabihf/sysroot/include"]
  ignore line: [ignoring nonexistent directory "/home/paspirine/arm-cross-comp-env/arm-raspbian-linux-gnueabihf/lib/gcc/arm-raspbian-linux-gnueabihf/8.3.0/../../../../arm-raspbian-linux-gnueabihf/include"]
  ignore line: [#include "..." search starts here:]
  ignore line: [#include <...> search starts here:]
  ignore line: [ /home/paspirine/arm-cross-comp-env/arm-raspbian-linux-gnueabihf/lib/gcc/arm-raspbian-linux-gnueabihf/8.3.0/include/c++]
  ignore line: [ /home/paspirine/arm-cross-comp-env/arm-raspbian-linux-gnueabihf/lib/gcc/arm-raspbian-linux-gnueabihf/8.3.0/include/c++/arm-raspbian-linux-gnueabihf/.]
  ignore line: [ /home/paspirine/arm-cross-comp-env/arm-raspbian-linux-gnueabihf/lib/gcc/arm-raspbian-linux-gnueabihf/8.3.0/include/c++/backward]
  ignore line: [ /home/paspirine/arm-cross-comp-env/arm-raspbian-linux-gnueabihf/lib/gcc/arm-raspbian-linux-gnueabihf/8.3.0/include]
  ignore line: [ /home/paspirine/arm-cross-comp-env/arm-raspbian-linux-gnueabihf/lib/gcc/arm-raspbian-linux-gnueabihf/8.3.0/include-fixed]
  ignore line: [ /home/paspirine/arm-cross-comp-env/arm-raspbian-linux-gnueabihf/arm-raspbian-linux-gnueabihf/sysroot/usr/include/arm-linux-gnueabihf]
  ignore line: [ /home/paspirine/arm-cross-comp-env/arm-raspbian-linux-gnueabihf/arm-raspbian-linux-gnueabihf/sysroot/usr/include]
  ignore line: [End of search list.]
  ignore line: [GNU C++14 (crosstool-NG UNKNOWN) version 8.3.0 (arm-raspbian-linux-gnueabihf)]
  ignore line: [	compiled by GNU C version 9.2.1 20190827 (Red Hat 9.2.1-1)  GMP version 6.1.2  MPFR version 3.1.6  MPC version 1.0.3  isl version isl-0.18-GMP]
  ignore line: []
  ignore line: [GGC heuristics: --param ggc-min-expand=100 --param ggc-min-heapsize=131072]
  ignore line: [Compiler executable checksum: e358eb857be258d0ff6476cf23ae6650]
  ignore line: [COLLECT_GCC_OPTIONS='-v' '-o' 'CMakeFiles/cmTC_a2f9f.dir/CMakeCXXCompilerABI.cpp.o' '-c' '-shared-libgcc'  '-mfloat-abi=hard' '-mfpu=vfp' '-mtls-dialect=gnu' '-marm' '-march=armv6+fp']
  ignore line: [ /home/paspirine/arm-cross-comp-env/arm-raspbian-linux-gnueabihf/lib/gcc/arm-raspbian-linux-gnueabihf/8.3.0/../../../../arm-raspbian-linux-gnueabihf/bin/as -v -march=armv6 -mfloat-abi=hard -mfpu=vfp -meabi=5 -o CMakeFiles/cmTC_a2f9f.dir/CMakeCXXCompilerABI.cpp.o /tmp/ccqCLwP7.s]
  ignore line: [GNU assembler version 2.28.1 (arm-raspbian-linux-gnueabihf) using BFD version (crosstool-NG UNKNOWN) 2.28.1]
  ignore line: [COMPILER_PATH=/home/paspirine/arm-cross-comp-env/arm-raspbian-linux-gnueabihf/libexec/gcc/arm-raspbian-linux-gnueabihf/8.3.0/:/home/paspirine/arm-cross-comp-env/arm-raspbian-linux-gnueabihf/libexec/gcc/arm-raspbian-linux-gnueabihf/8.3.0/:/home/paspirine/arm-cross-comp-env/arm-raspbian-linux-gnueabihf/libexec/gcc/arm-raspbian-linux-gnueabihf/:/home/paspirine/arm-cross-comp-env/arm-raspbian-linux-gnueabihf/lib/gcc/arm-raspbian-linux-gnueabihf/8.3.0/:/home/paspirine/arm-cross-comp-env/arm-raspbian-linux-gnueabihf/lib/gcc/arm-raspbian-linux-gnueabihf/:/home/paspirine/arm-cross-comp-env/arm-raspbian-linux-gnueabihf/lib/gcc/arm-raspbian-linux-gnueabihf/8.3.0/../../../../arm-raspbian-linux-gnueabihf/bin/]
  ignore line: [LIBRARY_PATH=/home/paspirine/arm-cross-comp-env/arm-raspbian-linux-gnueabihf/lib/gcc/arm-raspbian-linux-gnueabihf/8.3.0/:/home/paspirine/arm-cross-comp-env/arm-raspbian-linux-gnueabihf/arm-raspbian-linux-gnueabihf/sysroot/lib/arm-linux-gnueabihf/:/home/paspirine/arm-cross-comp-env/arm-raspbian-linux-gnueabihf/arm-raspbian-linux-gnueabihf/sysroot/lib/:/home/paspirine/arm-cross-comp-env/arm-raspbian-linux-gnueabihf/arm-raspbian-linux-gnueabihf/sysroot/usr/lib/arm-linux-gnueabihf/:/home/paspirine/arm-cross-comp-env/arm-raspbian-linux-gnueabihf/arm-raspbian-linux-gnueabihf/sysroot/usr/lib/]
  ignore line: [COLLECT_GCC_OPTIONS='-v' '-o' 'CMakeFiles/cmTC_a2f9f.dir/CMakeCXXCompilerABI.cpp.o' '-c' '-shared-libgcc'  '-mfloat-abi=hard' '-mfpu=vfp' '-mtls-dialect=gnu' '-marm' '-march=armv6+fp']
  ignore line: [Linking CXX executable cmTC_a2f9f]
  ignore line: [/usr/bin/cmake -E cmake_link_script CMakeFiles/cmTC_a2f9f.dir/link.txt --verbose=1]
  ignore line: [/home/paspirine/arm-cross-comp-env/arm-raspbian-linux-gnueabihf/bin/arm-raspbian-linux-gnueabihf-g++ --sysroot=/home/paspirine/arm-cross-comp-env/arm-raspbian-linux-gnueabihf/arm-raspbian-linux-gnueabihf/sysroot  -Wl -rpath-link /home/paspirine/arm-cross-comp-env/arm-raspbian-linux-gnueabihf/arm-raspbian-linux-gnueabihf/sysroot/opt/vc/lib -Wl -rpath-link /home/paspirine/arm-cross-comp-env/arm-raspbian-linux-gnueabihf/arm-raspbian-linux-gnueabihf/sysroot/lib/arm-linux-gnueabihf -Wl -rpath-link /home/paspirine/arm-cross-comp-env/arm-raspbian-linux-gnueabihf/arm-raspbian-linux-gnueabihf/sysroot/usr/lib/arm-linux-gnueabihf -Wl -rpath-link /home/paspirine/arm-cross-comp-env/arm-raspbian-linux-gnueabihf/arm-raspbian-linux-gnueabihf/sysroot/usr/local/lib    -v -rdynamic CMakeFiles/cmTC_a2f9f.dir/CMakeCXXCompilerABI.cpp.o  -o cmTC_a2f9f ]
  ignore line: [Using built-in specs.]
  ignore line: [COLLECT_GCC=/home/paspirine/arm-cross-comp-env/arm-raspbian-linux-gnueabihf/bin/arm-raspbian-linux-gnueabihf-g++]
  ignore line: [COLLECT_LTO_WRAPPER=/home/paspirine/arm-cross-comp-env/arm-raspbian-linux-gnueabihf/libexec/gcc/arm-raspbian-linux-gnueabihf/8.3.0/lto-wrapper]
  ignore line: [Target: arm-raspbian-linux-gnueabihf]
  ignore line: [Configured with: /home/paspirine/ct-config-rpi-zero/.build/arm-raspbian-linux-gnueabihf/src/gcc/configure --build=x86_64-build_pc-linux-gnu --host=x86_64-build_pc-linux-gnu --target=arm-raspbian-linux-gnueabihf --prefix=/home/paspirine/arm-cross-comp-env/arm-raspbian-linux-gnueabihf --with-sysroot=/home/paspirine/arm-cross-comp-env/arm-raspbian-linux-gnueabihf/arm-raspbian-linux-gnueabihf/sysroot --enable-languages=c c++ --with-pkgversion='crosstool-NG UNKNOWN' --enable-__cxa_atexit --enable-libmudflap --enable-libgomp --enable-libssp --enable-libquadmath --enable-libquadmath-support --enable-libsanitizer --disable-libmpx --with-gmp=/home/paspirine/ct-config-rpi-zero/.build/arm-raspbian-linux-gnueabihf/buildtools --with-mpfr=/home/paspirine/ct-config-rpi-zero/.build/arm-raspbian-linux-gnueabihf/buildtools --with-mpc=/home/paspirine/ct-config-rpi-zero/.build/arm-raspbian-linux-gnueabihf/buildtools --with-isl=/home/paspirine/ct-config-rpi-zero/.build/arm-raspbian-linux-gnueabihf/buildtools --enable-lto --enable-threads=posix --disable-plugin --disable-nls --enable-multiarch --with-local-prefix=/home/paspirine/arm-cross-comp-env/arm-raspbian-linux-gnueabihf/arm-raspbian-linux-gnueabihf/sysroot --enable-long-long --with-arch=armv6 --with-float=hard --with-fpu=vfp --enable-libstdcxx-debug --enable-libstdcxx-time=yes --enable-version-specific-runtime-libs]
  ignore line: [Thread model: posix]
  ignore line: [gcc version 8.3.0 (crosstool-NG UNKNOWN) ]
  ignore line: [COMPILER_PATH=/home/paspirine/arm-cross-comp-env/arm-raspbian-linux-gnueabihf/libexec/gcc/arm-raspbian-linux-gnueabihf/8.3.0/:/home/paspirine/arm-cross-comp-env/arm-raspbian-linux-gnueabihf/libexec/gcc/arm-raspbian-linux-gnueabihf/8.3.0/:/home/paspirine/arm-cross-comp-env/arm-raspbian-linux-gnueabihf/libexec/gcc/arm-raspbian-linux-gnueabihf/:/home/paspirine/arm-cross-comp-env/arm-raspbian-linux-gnueabihf/lib/gcc/arm-raspbian-linux-gnueabihf/8.3.0/:/home/paspirine/arm-cross-comp-env/arm-raspbian-linux-gnueabihf/lib/gcc/arm-raspbian-linux-gnueabihf/:/home/paspirine/arm-cross-comp-env/arm-raspbian-linux-gnueabihf/lib/gcc/arm-raspbian-linux-gnueabihf/8.3.0/../../../../arm-raspbian-linux-gnueabihf/bin/]
  ignore line: [LIBRARY_PATH=/home/paspirine/arm-cross-comp-env/arm-raspbian-linux-gnueabihf/lib/gcc/arm-raspbian-linux-gnueabihf/8.3.0/:/home/paspirine/arm-cross-comp-env/arm-raspbian-linux-gnueabihf/arm-raspbian-linux-gnueabihf/sysroot/lib/arm-linux-gnueabihf/:/home/paspirine/arm-cross-comp-env/arm-raspbian-linux-gnueabihf/arm-raspbian-linux-gnueabihf/sysroot/lib/:/home/paspirine/arm-cross-comp-env/arm-raspbian-linux-gnueabihf/arm-raspbian-linux-gnueabihf/sysroot/usr/lib/arm-linux-gnueabihf/:/home/paspirine/arm-cross-comp-env/arm-raspbian-linux-gnueabihf/arm-raspbian-linux-gnueabihf/sysroot/usr/lib/]
  ignore line: [COLLECT_GCC_OPTIONS='-v' '-rdynamic' '-o' 'cmTC_a2f9f' '-shared-libgcc'  '-mfloat-abi=hard' '-mfpu=vfp' '-mtls-dialect=gnu' '-marm' '-march=armv6+fp']
  link line: [ /home/paspirine/arm-cross-comp-env/arm-raspbian-linux-gnueabihf/libexec/gcc/arm-raspbian-linux-gnueabihf/8.3.0/collect2 -plugin /home/paspirine/arm-cross-comp-env/arm-raspbian-linux-gnueabihf/libexec/gcc/arm-raspbian-linux-gnueabihf/8.3.0/liblto_plugin.so -plugin-opt=/home/paspirine/arm-cross-comp-env/arm-raspbian-linux-gnueabihf/libexec/gcc/arm-raspbian-linux-gnueabihf/8.3.0/lto-wrapper -plugin-opt=-fresolution=/tmp/cc417lAd.res -plugin-opt=-pass-through=-lgcc_s -plugin-opt=-pass-through=-lgcc -plugin-opt=-pass-through=-lc -plugin-opt=-pass-through=-lgcc_s -plugin-opt=-pass-through=-lgcc --sysroot=/home/paspirine/arm-cross-comp-env/arm-raspbian-linux-gnueabihf/arm-raspbian-linux-gnueabihf/sysroot --eh-frame-hdr -export-dynamic -dynamic-linker /lib/ld-linux-armhf.so.3 -X -m armelf_linux_eabi -o cmTC_a2f9f /home/paspirine/arm-cross-comp-env/arm-raspbian-linux-gnueabihf/arm-raspbian-linux-gnueabihf/sysroot/usr/lib/arm-linux-gnueabihf/crt1.o /home/paspirine/arm-cross-comp-env/arm-raspbian-linux-gnueabihf/arm-raspbian-linux-gnueabihf/sysroot/usr/lib/arm-linux-gnueabihf/crti.o /home/paspirine/arm-cross-comp-env/arm-raspbian-linux-gnueabihf/lib/gcc/arm-raspbian-linux-gnueabihf/8.3.0/crtbegin.o -L/home/paspirine/arm-cross-comp-env/arm-raspbian-linux-gnueabihf/lib/gcc/arm-raspbian-linux-gnueabihf/8.3.0 -L/home/paspirine/arm-cross-comp-env/arm-raspbian-linux-gnueabihf/arm-raspbian-linux-gnueabihf/sysroot/lib/arm-linux-gnueabihf -L/home/paspirine/arm-cross-comp-env/arm-raspbian-linux-gnueabihf/arm-raspbian-linux-gnueabihf/sysroot/lib -L/home/paspirine/arm-cross-comp-env/arm-raspbian-linux-gnueabihf/arm-raspbian-linux-gnueabihf/sysroot/usr/lib/arm-linux-gnueabihf -L/home/paspirine/arm-cross-comp-env/arm-raspbian-linux-gnueabihf/arm-raspbian-linux-gnueabihf/sysroot/usr/lib -rpath-link /home/paspirine/arm-cross-comp-env/arm-raspbian-linux-gnueabihf/arm-raspbian-linux-gnueabihf/sysroot/opt/vc/lib -rpath-link /home/paspirine/arm-cross-comp-env/arm-raspbian-linux-gnueabihf/arm-raspbian-linux-gnueabihf/sysroot/lib/arm-linux-gnueabihf -rpath-link /home/paspirine/arm-cross-comp-env/arm-raspbian-linux-gnueabihf/arm-raspbian-linux-gnueabihf/sysroot/usr/lib/arm-linux-gnueabihf -rpath-link /home/paspirine/arm-cross-comp-env/arm-raspbian-linux-gnueabihf/arm-raspbian-linux-gnueabihf/sysroot/usr/local/lib CMakeFiles/cmTC_a2f9f.dir/CMakeCXXCompilerABI.cpp.o -lstdc++ -lm -lgcc_s -lgcc -lc -lgcc_s -lgcc /home/paspirine/arm-cross-comp-env/arm-raspbian-linux-gnueabihf/lib/gcc/arm-raspbian-linux-gnueabihf/8.3.0/crtend.o /home/paspirine/arm-cross-comp-env/arm-raspbian-linux-gnueabihf/arm-raspbian-linux-gnueabihf/sysroot/usr/lib/arm-linux-gnueabihf/crtn.o]
    arg [/home/paspirine/arm-cross-comp-env/arm-raspbian-linux-gnueabihf/libexec/gcc/arm-raspbian-linux-gnueabihf/8.3.0/collect2] ==> ignore
    arg [-plugin] ==> ignore
    arg [/home/paspirine/arm-cross-comp-env/arm-raspbian-linux-gnueabihf/libexec/gcc/arm-raspbian-linux-gnueabihf/8.3.0/liblto_plugin.so] ==> ignore
    arg [-plugin-opt=/home/paspirine/arm-cross-comp-env/arm-raspbian-linux-gnueabihf/libexec/gcc/arm-raspbian-linux-gnueabihf/8.3.0/lto-wrapper] ==> ignore
    arg [-plugin-opt=-fresolution=/tmp/cc417lAd.res] ==> ignore
    arg [-plugin-opt=-pass-through=-lgcc_s] ==> ignore
    arg [-plugin-opt=-pass-through=-lgcc] ==> ignore
    arg [-plugin-opt=-pass-through=-lc] ==> ignore
    arg [-plugin-opt=-pass-through=-lgcc_s] ==> ignore
    arg [-plugin-opt=-pass-through=-lgcc] ==> ignore
    arg [--sysroot=/home/paspirine/arm-cross-comp-env/arm-raspbian-linux-gnueabihf/arm-raspbian-linux-gnueabihf/sysroot] ==> ignore
    arg [--eh-frame-hdr] ==> ignore
    arg [-export-dynamic] ==> ignore
    arg [-dynamic-linker] ==> ignore
    arg [/lib/ld-linux-armhf.so.3] ==> ignore
    arg [-X] ==> ignore
    arg [-m] ==> ignore
    arg [armelf_linux_eabi] ==> ignore
    arg [-o] ==> ignore
    arg [cmTC_a2f9f] ==> ignore
    arg [/home/paspirine/arm-cross-comp-env/arm-raspbian-linux-gnueabihf/arm-raspbian-linux-gnueabihf/sysroot/usr/lib/arm-linux-gnueabihf/crt1.o] ==> ignore
    arg [/home/paspirine/arm-cross-comp-env/arm-raspbian-linux-gnueabihf/arm-raspbian-linux-gnueabihf/sysroot/usr/lib/arm-linux-gnueabihf/crti.o] ==> ignore
    arg [/home/paspirine/arm-cross-comp-env/arm-raspbian-linux-gnueabihf/lib/gcc/arm-raspbian-linux-gnueabihf/8.3.0/crtbegin.o] ==> ignore
    arg [-L/home/paspirine/arm-cross-comp-env/arm-raspbian-linux-gnueabihf/lib/gcc/arm-raspbian-linux-gnueabihf/8.3.0] ==> dir [/home/paspirine/arm-cross-comp-env/arm-raspbian-linux-gnueabihf/lib/gcc/arm-raspbian-linux-gnueabihf/8.3.0]
    arg [-L/home/paspirine/arm-cross-comp-env/arm-raspbian-linux-gnueabihf/arm-raspbian-linux-gnueabihf/sysroot/lib/arm-linux-gnueabihf] ==> dir [/home/paspirine/arm-cross-comp-env/arm-raspbian-linux-gnueabihf/arm-raspbian-linux-gnueabihf/sysroot/lib/arm-linux-gnueabihf]
    arg [-L/home/paspirine/arm-cross-comp-env/arm-raspbian-linux-gnueabihf/arm-raspbian-linux-gnueabihf/sysroot/lib] ==> dir [/home/paspirine/arm-cross-comp-env/arm-raspbian-linux-gnueabihf/arm-raspbian-linux-gnueabihf/sysroot/lib]
    arg [-L/home/paspirine/arm-cross-comp-env/arm-raspbian-linux-gnueabihf/arm-raspbian-linux-gnueabihf/sysroot/usr/lib/arm-linux-gnueabihf] ==> dir [/home/paspirine/arm-cross-comp-env/arm-raspbian-linux-gnueabihf/arm-raspbian-linux-gnueabihf/sysroot/usr/lib/arm-linux-gnueabihf]
    arg [-L/home/paspirine/arm-cross-comp-env/arm-raspbian-linux-gnueabihf/arm-raspbian-linux-gnueabihf/sysroot/usr/lib] ==> dir [/home/paspirine/arm-cross-comp-env/arm-raspbian-linux-gnueabihf/arm-raspbian-linux-gnueabihf/sysroot/usr/lib]
    arg [-rpath-link] ==> ignore
    arg [/home/paspirine/arm-cross-comp-env/arm-raspbian-linux-gnueabihf/arm-raspbian-linux-gnueabihf/sysroot/opt/vc/lib] ==> ignore
    arg [-rpath-link] ==> ignore
    arg [/home/paspirine/arm-cross-comp-env/arm-raspbian-linux-gnueabihf/arm-raspbian-linux-gnueabihf/sysroot/lib/arm-linux-gnueabihf] ==> ignore
    arg [-rpath-link] ==> ignore
    arg [/home/paspirine/arm-cross-comp-env/arm-raspbian-linux-gnueabihf/arm-raspbian-linux-gnueabihf/sysroot/usr/lib/arm-linux-gnueabihf] ==> ignore
    arg [-rpath-link] ==> ignore
    arg [/home/paspirine/arm-cross-comp-env/arm-raspbian-linux-gnueabihf/arm-raspbian-linux-gnueabihf/sysroot/usr/local/lib] ==> ignore
    arg [CMakeFiles/cmTC_a2f9f.dir/CMakeCXXCompilerABI.cpp.o] ==> ignore
    arg [-lstdc++] ==> lib [stdc++]
    arg [-lm] ==> lib [m]
    arg [-lgcc_s] ==> lib [gcc_s]
    arg [-lgcc] ==> lib [gcc]
    arg [-lc] ==> lib [c]
    arg [-lgcc_s] ==> lib [gcc_s]
    arg [-lgcc] ==> lib [gcc]
    arg [/home/paspirine/arm-cross-comp-env/arm-raspbian-linux-gnueabihf/lib/gcc/arm-raspbian-linux-gnueabihf/8.3.0/crtend.o] ==> ignore
    arg [/home/paspirine/arm-cross-comp-env/arm-raspbian-linux-gnueabihf/arm-raspbian-linux-gnueabihf/sysroot/usr/lib/arm-linux-gnueabihf/crtn.o] ==> ignore
  collapse library dir [/home/paspirine/arm-cross-comp-env/arm-raspbian-linux-gnueabihf/lib/gcc/arm-raspbian-linux-gnueabihf/8.3.0] ==> [/home/paspirine/arm-cross-comp-env/arm-raspbian-linux-gnueabihf/lib/gcc/arm-raspbian-linux-gnueabihf/8.3.0]
  collapse library dir [/home/paspirine/arm-cross-comp-env/arm-raspbian-linux-gnueabihf/arm-raspbian-linux-gnueabihf/sysroot/lib/arm-linux-gnueabihf] ==> [/home/paspirine/arm-cross-comp-env/arm-raspbian-linux-gnueabihf/arm-raspbian-linux-gnueabihf/sysroot/lib/arm-linux-gnueabihf]
  collapse library dir [/home/paspirine/arm-cross-comp-env/arm-raspbian-linux-gnueabihf/arm-raspbian-linux-gnueabihf/sysroot/lib] ==> [/home/paspirine/arm-cross-comp-env/arm-raspbian-linux-gnueabihf/arm-raspbian-linux-gnueabihf/sysroot/lib]
  collapse library dir [/home/paspirine/arm-cross-comp-env/arm-raspbian-linux-gnueabihf/arm-raspbian-linux-gnueabihf/sysroot/usr/lib/arm-linux-gnueabihf] ==> [/home/paspirine/arm-cross-comp-env/arm-raspbian-linux-gnueabihf/arm-raspbian-linux-gnueabihf/sysroot/usr/lib/arm-linux-gnueabihf]
  collapse library dir [/home/paspirine/arm-cross-comp-env/arm-raspbian-linux-gnueabihf/arm-raspbian-linux-gnueabihf/sysroot/usr/lib] ==> [/home/paspirine/arm-cross-comp-env/arm-raspbian-linux-gnueabihf/arm-raspbian-linux-gnueabihf/sysroot/usr/lib]
  implicit libs: [stdc++;m;gcc_s;gcc;c;gcc_s;gcc]
  implicit dirs: [/home/paspirine/arm-cross-comp-env/arm-raspbian-linux-gnueabihf/lib/gcc/arm-raspbian-linux-gnueabihf/8.3.0;/home/paspirine/arm-cross-comp-env/arm-raspbian-linux-gnueabihf/arm-raspbian-linux-gnueabihf/sysroot/lib/arm-linux-gnueabihf;/home/paspirine/arm-cross-comp-env/arm-raspbian-linux-gnueabihf/arm-raspbian-linux-gnueabihf/sysroot/lib;/home/paspirine/arm-cross-comp-env/arm-raspbian-linux-gnueabihf/arm-raspbian-linux-gnueabihf/sysroot/usr/lib/arm-linux-gnueabihf;/home/paspirine/arm-cross-comp-env/arm-raspbian-linux-gnueabihf/arm-raspbian-linux-gnueabihf/sysroot/usr/lib]
  implicit fwks: []


